<?xml version="1.0" encoding="UTF-8"?>
<testsuite name="org.example.springboot.service.PostServiceNPlus1Test" tests="1" skipped="0" failures="0" errors="0" timestamp="2025-05-16T11:30:51.177Z" hostname="bagbyeongchan-ui-MacBook-Pro.local" time="0.461">
  <properties/>
  <testcase name="N+1 문제 발생과 해결 테스트" classname="org.example.springboot.service.PostServiceNPlus1Test" time="0.461"/>
  <system-out><![CDATA[20:30:48.643 [Test worker] INFO org.springframework.test.context.support.AnnotationConfigContextLoaderUtils -- Could not detect default configuration classes for test class [org.example.springboot.service.PostServiceNPlus1Test]: PostServiceNPlus1Test does not declare any static, non-private, non-final, nested classes annotated with @Configuration.
20:30:48.684 [Test worker] INFO org.springframework.boot.test.context.SpringBootTestContextBootstrapper -- Found @SpringBootConfiguration org.example.springboot.Application for test class org.example.springboot.service.PostServiceNPlus1Test

  .   ____          _            __ _ _
 /\\ / ___'_ __ _ _(_)_ __  __ _ \ \ \ \
( ( )\___ | '_ | '_| | '_ \/ _` | \ \ \ \
 \\/  ___)| |_)| | | | | || (_| |  ) ) ) )
  '  |____| .__|_| |_|_| |_\__, | / / / /
 =========|_|==============|___/=/_/_/_/

 :: Spring Boot ::                (v3.4.5)

2025-05-16T20:30:48.887+09:00  INFO 22264 --- [    Test worker] o.e.s.service.PostServiceNPlus1Test      : Starting PostServiceNPlus1Test using Java 21.0.7 with PID 22264 (started by chane in /Users/chane/SSAFY/spring-daangn)
2025-05-16T20:30:48.887+09:00 DEBUG 22264 --- [    Test worker] o.e.s.service.PostServiceNPlus1Test      : Running with Spring Boot v3.4.5, Spring v6.2.6
2025-05-16T20:30:48.887+09:00  INFO 22264 --- [    Test worker] o.e.s.service.PostServiceNPlus1Test      : No active profile set, falling back to 1 default profile: "default"
2025-05-16T20:30:49.128+09:00  INFO 22264 --- [    Test worker] .s.d.r.c.RepositoryConfigurationDelegate : Bootstrapping Spring Data JPA repositories in DEFAULT mode.
2025-05-16T20:30:49.153+09:00  INFO 22264 --- [    Test worker] .s.d.r.c.RepositoryConfigurationDelegate : Finished Spring Data repository scanning in 21 ms. Found 7 JPA repository interfaces.
2025-05-16T20:30:49.336+09:00  INFO 22264 --- [    Test worker] o.hibernate.jpa.internal.util.LogHelper  : HHH000204: Processing PersistenceUnitInfo [name: default]
2025-05-16T20:30:49.353+09:00  INFO 22264 --- [    Test worker] org.hibernate.Version                    : HHH000412: Hibernate ORM core version 6.6.13.Final
2025-05-16T20:30:49.365+09:00  INFO 22264 --- [    Test worker] o.h.c.internal.RegionFactoryInitiator    : HHH000026: Second-level cache disabled
2025-05-16T20:30:49.394+09:00 DEBUG 22264 --- [    Test worker] org.hibernate.type.BasicTypeRegistry     : Adding type registration boolean -> org.hibernate.type.BasicTypeReference@647fb583
2025-05-16T20:30:49.394+09:00 DEBUG 22264 --- [    Test worker] org.hibernate.type.BasicTypeRegistry     : Adding type registration boolean -> org.hibernate.type.BasicTypeReference@647fb583
2025-05-16T20:30:49.394+09:00 DEBUG 22264 --- [    Test worker] org.hibernate.type.BasicTypeRegistry     : Adding type registration java.lang.Boolean -> org.hibernate.type.BasicTypeReference@647fb583
2025-05-16T20:30:49.394+09:00 DEBUG 22264 --- [    Test worker] org.hibernate.type.BasicTypeRegistry     : Adding type registration numeric_boolean -> org.hibernate.type.BasicTypeReference@7cd3e0da
2025-05-16T20:30:49.394+09:00 DEBUG 22264 --- [    Test worker] org.hibernate.type.BasicTypeRegistry     : Adding type registration org.hibernate.type.NumericBooleanConverter -> org.hibernate.type.BasicTypeReference@7cd3e0da
2025-05-16T20:30:49.394+09:00 DEBUG 22264 --- [    Test worker] org.hibernate.type.BasicTypeRegistry     : Adding type registration true_false -> org.hibernate.type.BasicTypeReference@919086
2025-05-16T20:30:49.394+09:00 DEBUG 22264 --- [    Test worker] org.hibernate.type.BasicTypeRegistry     : Adding type registration org.hibernate.type.TrueFalseConverter -> org.hibernate.type.BasicTypeReference@919086
2025-05-16T20:30:49.394+09:00 DEBUG 22264 --- [    Test worker] org.hibernate.type.BasicTypeRegistry     : Adding type registration yes_no -> org.hibernate.type.BasicTypeReference@67e77f52
2025-05-16T20:30:49.394+09:00 DEBUG 22264 --- [    Test worker] org.hibernate.type.BasicTypeRegistry     : Adding type registration org.hibernate.type.YesNoConverter -> org.hibernate.type.BasicTypeReference@67e77f52
2025-05-16T20:30:49.394+09:00 DEBUG 22264 --- [    Test worker] org.hibernate.type.BasicTypeRegistry     : Adding type registration byte -> org.hibernate.type.BasicTypeReference@7ead1d80
2025-05-16T20:30:49.394+09:00 DEBUG 22264 --- [    Test worker] org.hibernate.type.BasicTypeRegistry     : Adding type registration byte -> org.hibernate.type.BasicTypeReference@7ead1d80
2025-05-16T20:30:49.394+09:00 DEBUG 22264 --- [    Test worker] org.hibernate.type.BasicTypeRegistry     : Adding type registration java.lang.Byte -> org.hibernate.type.BasicTypeReference@7ead1d80
2025-05-16T20:30:49.394+09:00 DEBUG 22264 --- [    Test worker] org.hibernate.type.BasicTypeRegistry     : Adding type registration binary -> org.hibernate.type.BasicTypeReference@1d1bf7bf
2025-05-16T20:30:49.394+09:00 DEBUG 22264 --- [    Test worker] org.hibernate.type.BasicTypeRegistry     : Adding type registration byte[] -> org.hibernate.type.BasicTypeReference@1d1bf7bf
2025-05-16T20:30:49.394+09:00 DEBUG 22264 --- [    Test worker] org.hibernate.type.BasicTypeRegistry     : Adding type registration [B -> org.hibernate.type.BasicTypeReference@1d1bf7bf
2025-05-16T20:30:49.395+09:00 DEBUG 22264 --- [    Test worker] org.hibernate.type.BasicTypeRegistry     : Adding type registration binary_wrapper -> org.hibernate.type.BasicTypeReference@1182413a
2025-05-16T20:30:49.395+09:00 DEBUG 22264 --- [    Test worker] org.hibernate.type.BasicTypeRegistry     : Adding type registration wrapper-binary -> org.hibernate.type.BasicTypeReference@1182413a
2025-05-16T20:30:49.395+09:00 DEBUG 22264 --- [    Test worker] org.hibernate.type.BasicTypeRegistry     : Adding type registration image -> org.hibernate.type.BasicTypeReference@4d43a1b7
2025-05-16T20:30:49.395+09:00 DEBUG 22264 --- [    Test worker] org.hibernate.type.BasicTypeRegistry     : Adding type registration blob -> org.hibernate.type.BasicTypeReference@5b14f482
2025-05-16T20:30:49.395+09:00 DEBUG 22264 --- [    Test worker] org.hibernate.type.BasicTypeRegistry     : Adding type registration java.sql.Blob -> org.hibernate.type.BasicTypeReference@5b14f482
2025-05-16T20:30:49.395+09:00 DEBUG 22264 --- [    Test worker] org.hibernate.type.BasicTypeRegistry     : Adding type registration materialized_blob -> org.hibernate.type.BasicTypeReference@19705650
2025-05-16T20:30:49.395+09:00 DEBUG 22264 --- [    Test worker] org.hibernate.type.BasicTypeRegistry     : Adding type registration materialized_blob_wrapper -> org.hibernate.type.BasicTypeReference@1a785fd5
2025-05-16T20:30:49.396+09:00 DEBUG 22264 --- [    Test worker] org.hibernate.type.BasicTypeRegistry     : Adding type registration short -> org.hibernate.type.BasicTypeReference@4a660b34
2025-05-16T20:30:49.396+09:00 DEBUG 22264 --- [    Test worker] org.hibernate.type.BasicTypeRegistry     : Adding type registration short -> org.hibernate.type.BasicTypeReference@4a660b34
2025-05-16T20:30:49.396+09:00 DEBUG 22264 --- [    Test worker] org.hibernate.type.BasicTypeRegistry     : Adding type registration java.lang.Short -> org.hibernate.type.BasicTypeReference@4a660b34
2025-05-16T20:30:49.396+09:00 DEBUG 22264 --- [    Test worker] org.hibernate.type.BasicTypeRegistry     : Adding type registration integer -> org.hibernate.type.BasicTypeReference@362a561e
2025-05-16T20:30:49.396+09:00 DEBUG 22264 --- [    Test worker] org.hibernate.type.BasicTypeRegistry     : Adding type registration int -> org.hibernate.type.BasicTypeReference@362a561e
2025-05-16T20:30:49.396+09:00 DEBUG 22264 --- [    Test worker] org.hibernate.type.BasicTypeRegistry     : Adding type registration java.lang.Integer -> org.hibernate.type.BasicTypeReference@362a561e
2025-05-16T20:30:49.396+09:00 DEBUG 22264 --- [    Test worker] org.hibernate.type.BasicTypeRegistry     : Adding type registration long -> org.hibernate.type.BasicTypeReference@2df3545d
2025-05-16T20:30:49.396+09:00 DEBUG 22264 --- [    Test worker] org.hibernate.type.BasicTypeRegistry     : Adding type registration long -> org.hibernate.type.BasicTypeReference@2df3545d
2025-05-16T20:30:49.396+09:00 DEBUG 22264 --- [    Test worker] org.hibernate.type.BasicTypeRegistry     : Adding type registration java.lang.Long -> org.hibernate.type.BasicTypeReference@2df3545d
2025-05-16T20:30:49.396+09:00 DEBUG 22264 --- [    Test worker] org.hibernate.type.BasicTypeRegistry     : Adding type registration float -> org.hibernate.type.BasicTypeReference@75ad30c1
2025-05-16T20:30:49.396+09:00 DEBUG 22264 --- [    Test worker] org.hibernate.type.BasicTypeRegistry     : Adding type registration float -> org.hibernate.type.BasicTypeReference@75ad30c1
2025-05-16T20:30:49.396+09:00 DEBUG 22264 --- [    Test worker] org.hibernate.type.BasicTypeRegistry     : Adding type registration java.lang.Float -> org.hibernate.type.BasicTypeReference@75ad30c1
2025-05-16T20:30:49.396+09:00 DEBUG 22264 --- [    Test worker] org.hibernate.type.BasicTypeRegistry     : Adding type registration double -> org.hibernate.type.BasicTypeReference@fe8aaeb
2025-05-16T20:30:49.398+09:00 DEBUG 22264 --- [    Test worker] org.hibernate.type.BasicTypeRegistry     : Adding type registration double -> org.hibernate.type.BasicTypeReference@fe8aaeb
2025-05-16T20:30:49.398+09:00 DEBUG 22264 --- [    Test worker] org.hibernate.type.BasicTypeRegistry     : Adding type registration java.lang.Double -> org.hibernate.type.BasicTypeReference@fe8aaeb
2025-05-16T20:30:49.398+09:00 DEBUG 22264 --- [    Test worker] org.hibernate.type.BasicTypeRegistry     : Adding type registration big_integer -> org.hibernate.type.BasicTypeReference@6b9697ae
2025-05-16T20:30:49.398+09:00 DEBUG 22264 --- [    Test worker] org.hibernate.type.BasicTypeRegistry     : Adding type registration java.math.BigInteger -> org.hibernate.type.BasicTypeReference@6b9697ae
2025-05-16T20:30:49.399+09:00 DEBUG 22264 --- [    Test worker] org.hibernate.type.BasicTypeRegistry     : Adding type registration big_decimal -> org.hibernate.type.BasicTypeReference@5cf0673d
2025-05-16T20:30:49.399+09:00 DEBUG 22264 --- [    Test worker] org.hibernate.type.BasicTypeRegistry     : Adding type registration java.math.BigDecimal -> org.hibernate.type.BasicTypeReference@5cf0673d
2025-05-16T20:30:49.399+09:00 DEBUG 22264 --- [    Test worker] org.hibernate.type.BasicTypeRegistry     : Adding type registration character -> org.hibernate.type.BasicTypeReference@40c76f5a
2025-05-16T20:30:49.399+09:00 DEBUG 22264 --- [    Test worker] org.hibernate.type.BasicTypeRegistry     : Adding type registration char -> org.hibernate.type.BasicTypeReference@40c76f5a
2025-05-16T20:30:49.399+09:00 DEBUG 22264 --- [    Test worker] org.hibernate.type.BasicTypeRegistry     : Adding type registration java.lang.Character -> org.hibernate.type.BasicTypeReference@40c76f5a
2025-05-16T20:30:49.399+09:00 DEBUG 22264 --- [    Test worker] org.hibernate.type.BasicTypeRegistry     : Adding type registration character_nchar -> org.hibernate.type.BasicTypeReference@a323a5b
2025-05-16T20:30:49.399+09:00 DEBUG 22264 --- [    Test worker] org.hibernate.type.BasicTypeRegistry     : Adding type registration string -> org.hibernate.type.BasicTypeReference@5546e754
2025-05-16T20:30:49.399+09:00 DEBUG 22264 --- [    Test worker] org.hibernate.type.BasicTypeRegistry     : Adding type registration java.lang.String -> org.hibernate.type.BasicTypeReference@5546e754
2025-05-16T20:30:49.399+09:00 DEBUG 22264 --- [    Test worker] org.hibernate.type.BasicTypeRegistry     : Adding type registration nstring -> org.hibernate.type.BasicTypeReference@ad0bb4e
2025-05-16T20:30:49.399+09:00 DEBUG 22264 --- [    Test worker] org.hibernate.type.BasicTypeRegistry     : Adding type registration characters -> org.hibernate.type.BasicTypeReference@7196a8f1
2025-05-16T20:30:49.399+09:00 DEBUG 22264 --- [    Test worker] org.hibernate.type.BasicTypeRegistry     : Adding type registration char[] -> org.hibernate.type.BasicTypeReference@7196a8f1
2025-05-16T20:30:49.399+09:00 DEBUG 22264 --- [    Test worker] org.hibernate.type.BasicTypeRegistry     : Adding type registration [C -> org.hibernate.type.BasicTypeReference@7196a8f1
2025-05-16T20:30:49.399+09:00 DEBUG 22264 --- [    Test worker] org.hibernate.type.BasicTypeRegistry     : Adding type registration wrapper-characters -> org.hibernate.type.BasicTypeReference@6a6da47a
2025-05-16T20:30:49.399+09:00 DEBUG 22264 --- [    Test worker] org.hibernate.type.BasicTypeRegistry     : Adding type registration text -> org.hibernate.type.BasicTypeReference@8f39224
2025-05-16T20:30:49.399+09:00 DEBUG 22264 --- [    Test worker] org.hibernate.type.BasicTypeRegistry     : Adding type registration ntext -> org.hibernate.type.BasicTypeReference@7f642bf
2025-05-16T20:30:49.399+09:00 DEBUG 22264 --- [    Test worker] org.hibernate.type.BasicTypeRegistry     : Adding type registration clob -> org.hibernate.type.BasicTypeReference@43e3a390
2025-05-16T20:30:49.400+09:00 DEBUG 22264 --- [    Test worker] org.hibernate.type.BasicTypeRegistry     : Adding type registration java.sql.Clob -> org.hibernate.type.BasicTypeReference@43e3a390
2025-05-16T20:30:49.400+09:00 DEBUG 22264 --- [    Test worker] org.hibernate.type.BasicTypeRegistry     : Adding type registration nclob -> org.hibernate.type.BasicTypeReference@44aa91e2
2025-05-16T20:30:49.400+09:00 DEBUG 22264 --- [    Test worker] org.hibernate.type.BasicTypeRegistry     : Adding type registration java.sql.NClob -> org.hibernate.type.BasicTypeReference@44aa91e2
2025-05-16T20:30:49.400+09:00 DEBUG 22264 --- [    Test worker] org.hibernate.type.BasicTypeRegistry     : Adding type registration materialized_clob -> org.hibernate.type.BasicTypeReference@50dc49e1
2025-05-16T20:30:49.400+09:00 DEBUG 22264 --- [    Test worker] org.hibernate.type.BasicTypeRegistry     : Adding type registration materialized_clob_char_array -> org.hibernate.type.BasicTypeReference@650a1aff
2025-05-16T20:30:49.400+09:00 DEBUG 22264 --- [    Test worker] org.hibernate.type.BasicTypeRegistry     : Adding type registration materialized_clob_character_array -> org.hibernate.type.BasicTypeReference@3babcaed
2025-05-16T20:30:49.400+09:00 DEBUG 22264 --- [    Test worker] org.hibernate.type.BasicTypeRegistry     : Adding type registration materialized_nclob -> org.hibernate.type.BasicTypeReference@2b9e69fb
2025-05-16T20:30:49.400+09:00 DEBUG 22264 --- [    Test worker] org.hibernate.type.BasicTypeRegistry     : Adding type registration materialized_nclob_character_array -> org.hibernate.type.BasicTypeReference@19bfbe28
2025-05-16T20:30:49.400+09:00 DEBUG 22264 --- [    Test worker] org.hibernate.type.BasicTypeRegistry     : Adding type registration materialized_nclob_char_array -> org.hibernate.type.BasicTypeReference@2c579202
2025-05-16T20:30:49.400+09:00 DEBUG 22264 --- [    Test worker] org.hibernate.type.BasicTypeRegistry     : Adding type registration Duration -> org.hibernate.type.BasicTypeReference@49ced9c7
2025-05-16T20:30:49.400+09:00 DEBUG 22264 --- [    Test worker] org.hibernate.type.BasicTypeRegistry     : Adding type registration java.time.Duration -> org.hibernate.type.BasicTypeReference@49ced9c7
2025-05-16T20:30:49.400+09:00 DEBUG 22264 --- [    Test worker] org.hibernate.type.BasicTypeRegistry     : Adding type registration LocalDateTime -> org.hibernate.type.BasicTypeReference@11c7a0b4
2025-05-16T20:30:49.400+09:00 DEBUG 22264 --- [    Test worker] org.hibernate.type.BasicTypeRegistry     : Adding type registration java.time.LocalDateTime -> org.hibernate.type.BasicTypeReference@11c7a0b4
2025-05-16T20:30:49.400+09:00 DEBUG 22264 --- [    Test worker] org.hibernate.type.BasicTypeRegistry     : Adding type registration LocalDate -> org.hibernate.type.BasicTypeReference@75ed125a
2025-05-16T20:30:49.400+09:00 DEBUG 22264 --- [    Test worker] org.hibernate.type.BasicTypeRegistry     : Adding type registration java.time.LocalDate -> org.hibernate.type.BasicTypeReference@75ed125a
2025-05-16T20:30:49.400+09:00 DEBUG 22264 --- [    Test worker] org.hibernate.type.BasicTypeRegistry     : Adding type registration LocalTime -> org.hibernate.type.BasicTypeReference@653a5967
2025-05-16T20:30:49.400+09:00 DEBUG 22264 --- [    Test worker] org.hibernate.type.BasicTypeRegistry     : Adding type registration java.time.LocalTime -> org.hibernate.type.BasicTypeReference@653a5967
2025-05-16T20:30:49.400+09:00 DEBUG 22264 --- [    Test worker] org.hibernate.type.BasicTypeRegistry     : Adding type registration OffsetDateTime -> org.hibernate.type.BasicTypeReference@5a85b4e6
2025-05-16T20:30:49.400+09:00 DEBUG 22264 --- [    Test worker] org.hibernate.type.BasicTypeRegistry     : Adding type registration java.time.OffsetDateTime -> org.hibernate.type.BasicTypeReference@5a85b4e6
2025-05-16T20:30:49.400+09:00 DEBUG 22264 --- [    Test worker] org.hibernate.type.BasicTypeRegistry     : Adding type registration OffsetDateTimeWithTimezone -> org.hibernate.type.BasicTypeReference@766b6d02
2025-05-16T20:30:49.401+09:00 DEBUG 22264 --- [    Test worker] org.hibernate.type.BasicTypeRegistry     : Adding type registration OffsetDateTimeWithoutTimezone -> org.hibernate.type.BasicTypeReference@6b09ce57
2025-05-16T20:30:49.401+09:00 DEBUG 22264 --- [    Test worker] org.hibernate.type.BasicTypeRegistry     : Adding type registration OffsetTime -> org.hibernate.type.BasicTypeReference@5c4f4330
2025-05-16T20:30:49.401+09:00 DEBUG 22264 --- [    Test worker] org.hibernate.type.BasicTypeRegistry     : Adding type registration java.time.OffsetTime -> org.hibernate.type.BasicTypeReference@5c4f4330
2025-05-16T20:30:49.401+09:00 DEBUG 22264 --- [    Test worker] org.hibernate.type.BasicTypeRegistry     : Adding type registration OffsetTimeUtc -> org.hibernate.type.BasicTypeReference@2b9aeedb
2025-05-16T20:30:49.401+09:00 DEBUG 22264 --- [    Test worker] org.hibernate.type.BasicTypeRegistry     : Adding type registration OffsetTimeWithTimezone -> org.hibernate.type.BasicTypeReference@63485d7
2025-05-16T20:30:49.401+09:00 DEBUG 22264 --- [    Test worker] org.hibernate.type.BasicTypeRegistry     : Adding type registration OffsetTimeWithoutTimezone -> org.hibernate.type.BasicTypeReference@23ea8830
2025-05-16T20:30:49.401+09:00 DEBUG 22264 --- [    Test worker] org.hibernate.type.BasicTypeRegistry     : Adding type registration ZonedDateTime -> org.hibernate.type.BasicTypeReference@59a09be
2025-05-16T20:30:49.401+09:00 DEBUG 22264 --- [    Test worker] org.hibernate.type.BasicTypeRegistry     : Adding type registration java.time.ZonedDateTime -> org.hibernate.type.BasicTypeReference@59a09be
2025-05-16T20:30:49.401+09:00 DEBUG 22264 --- [    Test worker] org.hibernate.type.BasicTypeRegistry     : Adding type registration ZonedDateTimeWithTimezone -> org.hibernate.type.BasicTypeReference@790ac3e0
2025-05-16T20:30:49.401+09:00 DEBUG 22264 --- [    Test worker] org.hibernate.type.BasicTypeRegistry     : Adding type registration ZonedDateTimeWithoutTimezone -> org.hibernate.type.BasicTypeReference@5bb2fb2b
2025-05-16T20:30:49.401+09:00 DEBUG 22264 --- [    Test worker] org.hibernate.type.BasicTypeRegistry     : Adding type registration date -> org.hibernate.type.BasicTypeReference@2cee5365
2025-05-16T20:30:49.401+09:00 DEBUG 22264 --- [    Test worker] org.hibernate.type.BasicTypeRegistry     : Adding type registration java.sql.Date -> org.hibernate.type.BasicTypeReference@2cee5365
2025-05-16T20:30:49.401+09:00 DEBUG 22264 --- [    Test worker] org.hibernate.type.BasicTypeRegistry     : Adding type registration time -> org.hibernate.type.BasicTypeReference@796c68bf
2025-05-16T20:30:49.402+09:00 DEBUG 22264 --- [    Test worker] org.hibernate.type.BasicTypeRegistry     : Adding type registration java.sql.Time -> org.hibernate.type.BasicTypeReference@796c68bf
2025-05-16T20:30:49.402+09:00 DEBUG 22264 --- [    Test worker] org.hibernate.type.BasicTypeRegistry     : Adding type registration timestamp -> org.hibernate.type.BasicTypeReference@56d6a1b1
2025-05-16T20:30:49.402+09:00 DEBUG 22264 --- [    Test worker] org.hibernate.type.BasicTypeRegistry     : Adding type registration java.sql.Timestamp -> org.hibernate.type.BasicTypeReference@56d6a1b1
2025-05-16T20:30:49.402+09:00 DEBUG 22264 --- [    Test worker] org.hibernate.type.BasicTypeRegistry     : Adding type registration java.util.Date -> org.hibernate.type.BasicTypeReference@56d6a1b1
2025-05-16T20:30:49.402+09:00 DEBUG 22264 --- [    Test worker] org.hibernate.type.BasicTypeRegistry     : Adding type registration calendar -> org.hibernate.type.BasicTypeReference@1a7163e3
2025-05-16T20:30:49.402+09:00 DEBUG 22264 --- [    Test worker] org.hibernate.type.BasicTypeRegistry     : Adding type registration java.util.Calendar -> org.hibernate.type.BasicTypeReference@1a7163e3
2025-05-16T20:30:49.402+09:00 DEBUG 22264 --- [    Test worker] org.hibernate.type.BasicTypeRegistry     : Adding type registration java.util.GregorianCalendar -> org.hibernate.type.BasicTypeReference@1a7163e3
2025-05-16T20:30:49.402+09:00 DEBUG 22264 --- [    Test worker] org.hibernate.type.BasicTypeRegistry     : Adding type registration calendar_date -> org.hibernate.type.BasicTypeReference@44da7eb3
2025-05-16T20:30:49.402+09:00 DEBUG 22264 --- [    Test worker] org.hibernate.type.BasicTypeRegistry     : Adding type registration calendar_time -> org.hibernate.type.BasicTypeReference@5e69cf07
2025-05-16T20:30:49.402+09:00 DEBUG 22264 --- [    Test worker] org.hibernate.type.BasicTypeRegistry     : Adding type registration instant -> org.hibernate.type.BasicTypeReference@3d512652
2025-05-16T20:30:49.402+09:00 DEBUG 22264 --- [    Test worker] org.hibernate.type.BasicTypeRegistry     : Adding type registration java.time.Instant -> org.hibernate.type.BasicTypeReference@3d512652
2025-05-16T20:30:49.402+09:00 DEBUG 22264 --- [    Test worker] org.hibernate.type.BasicTypeRegistry     : Adding type registration uuid -> org.hibernate.type.BasicTypeReference@2c2e3460
2025-05-16T20:30:49.402+09:00 DEBUG 22264 --- [    Test worker] org.hibernate.type.BasicTypeRegistry     : Adding type registration java.util.UUID -> org.hibernate.type.BasicTypeReference@2c2e3460
2025-05-16T20:30:49.402+09:00 DEBUG 22264 --- [    Test worker] org.hibernate.type.BasicTypeRegistry     : Adding type registration pg-uuid -> org.hibernate.type.BasicTypeReference@2c2e3460
2025-05-16T20:30:49.402+09:00 DEBUG 22264 --- [    Test worker] org.hibernate.type.BasicTypeRegistry     : Adding type registration uuid-binary -> org.hibernate.type.BasicTypeReference@3b96f8b0
2025-05-16T20:30:49.402+09:00 DEBUG 22264 --- [    Test worker] org.hibernate.type.BasicTypeRegistry     : Adding type registration uuid-char -> org.hibernate.type.BasicTypeReference@2b170932
2025-05-16T20:30:49.402+09:00 DEBUG 22264 --- [    Test worker] org.hibernate.type.BasicTypeRegistry     : Adding type registration class -> org.hibernate.type.BasicTypeReference@1fc0d9b4
2025-05-16T20:30:49.402+09:00 DEBUG 22264 --- [    Test worker] org.hibernate.type.BasicTypeRegistry     : Adding type registration java.lang.Class -> org.hibernate.type.BasicTypeReference@1fc0d9b4
2025-05-16T20:30:49.402+09:00 DEBUG 22264 --- [    Test worker] org.hibernate.type.BasicTypeRegistry     : Adding type registration currency -> org.hibernate.type.BasicTypeReference@42107318
2025-05-16T20:30:49.402+09:00 DEBUG 22264 --- [    Test worker] org.hibernate.type.BasicTypeRegistry     : Adding type registration Currency -> org.hibernate.type.BasicTypeReference@42107318
2025-05-16T20:30:49.402+09:00 DEBUG 22264 --- [    Test worker] org.hibernate.type.BasicTypeRegistry     : Adding type registration java.util.Currency -> org.hibernate.type.BasicTypeReference@42107318
2025-05-16T20:30:49.402+09:00 DEBUG 22264 --- [    Test worker] org.hibernate.type.BasicTypeRegistry     : Adding type registration locale -> org.hibernate.type.BasicTypeReference@4e4f4092
2025-05-16T20:30:49.402+09:00 DEBUG 22264 --- [    Test worker] org.hibernate.type.BasicTypeRegistry     : Adding type registration java.util.Locale -> org.hibernate.type.BasicTypeReference@4e4f4092
2025-05-16T20:30:49.402+09:00 DEBUG 22264 --- [    Test worker] org.hibernate.type.BasicTypeRegistry     : Adding type registration serializable -> org.hibernate.type.BasicTypeReference@5d829ef0
2025-05-16T20:30:49.403+09:00 DEBUG 22264 --- [    Test worker] org.hibernate.type.BasicTypeRegistry     : Adding type registration java.io.Serializable -> org.hibernate.type.BasicTypeReference@5d829ef0
2025-05-16T20:30:49.403+09:00 DEBUG 22264 --- [    Test worker] org.hibernate.type.BasicTypeRegistry     : Adding type registration timezone -> org.hibernate.type.BasicTypeReference@4416e18d
2025-05-16T20:30:49.403+09:00 DEBUG 22264 --- [    Test worker] org.hibernate.type.BasicTypeRegistry     : Adding type registration java.util.TimeZone -> org.hibernate.type.BasicTypeReference@4416e18d
2025-05-16T20:30:49.403+09:00 DEBUG 22264 --- [    Test worker] org.hibernate.type.BasicTypeRegistry     : Adding type registration ZoneOffset -> org.hibernate.type.BasicTypeReference@5dfc2a4
2025-05-16T20:30:49.403+09:00 DEBUG 22264 --- [    Test worker] org.hibernate.type.BasicTypeRegistry     : Adding type registration java.time.ZoneOffset -> org.hibernate.type.BasicTypeReference@5dfc2a4
2025-05-16T20:30:49.403+09:00 DEBUG 22264 --- [    Test worker] org.hibernate.type.BasicTypeRegistry     : Adding type registration url -> org.hibernate.type.BasicTypeReference@3120495d
2025-05-16T20:30:49.403+09:00 DEBUG 22264 --- [    Test worker] org.hibernate.type.BasicTypeRegistry     : Adding type registration java.net.URL -> org.hibernate.type.BasicTypeReference@3120495d
2025-05-16T20:30:49.403+09:00 DEBUG 22264 --- [    Test worker] org.hibernate.type.BasicTypeRegistry     : Adding type registration vector -> org.hibernate.type.BasicTypeReference@781c2497
2025-05-16T20:30:49.403+09:00 DEBUG 22264 --- [    Test worker] org.hibernate.type.BasicTypeRegistry     : Adding type registration float_vector -> org.hibernate.type.BasicTypeReference@b75b890
2025-05-16T20:30:49.403+09:00 DEBUG 22264 --- [    Test worker] org.hibernate.type.BasicTypeRegistry     : Adding type registration double_vector -> org.hibernate.type.BasicTypeReference@70c491b8
2025-05-16T20:30:49.403+09:00 DEBUG 22264 --- [    Test worker] org.hibernate.type.BasicTypeRegistry     : Adding type registration byte_vector -> org.hibernate.type.BasicTypeReference@439d545c
2025-05-16T20:30:49.403+09:00 DEBUG 22264 --- [    Test worker] org.hibernate.type.BasicTypeRegistry     : Adding type registration row_version -> org.hibernate.type.BasicTypeReference@5a3cf824
2025-05-16T20:30:49.405+09:00 DEBUG 22264 --- [    Test worker] org.hibernate.type.BasicTypeRegistry     : Adding type registration object -> org.hibernate.type.JavaObjectType@4cb24e2
2025-05-16T20:30:49.405+09:00 DEBUG 22264 --- [    Test worker] org.hibernate.type.BasicTypeRegistry     : Adding type registration java.lang.Object -> org.hibernate.type.JavaObjectType@4cb24e2
2025-05-16T20:30:49.406+09:00 DEBUG 22264 --- [    Test worker] org.hibernate.type.BasicTypeRegistry     : Adding type registration null -> org.hibernate.type.NullType@25218a4d
2025-05-16T20:30:49.406+09:00 DEBUG 22264 --- [    Test worker] org.hibernate.type.BasicTypeRegistry     : Adding type registration imm_date -> org.hibernate.type.BasicTypeReference@bf2aa32
2025-05-16T20:30:49.406+09:00 DEBUG 22264 --- [    Test worker] org.hibernate.type.BasicTypeRegistry     : Adding type registration imm_time -> org.hibernate.type.BasicTypeReference@56da96b3
2025-05-16T20:30:49.406+09:00 DEBUG 22264 --- [    Test worker] org.hibernate.type.BasicTypeRegistry     : Adding type registration imm_timestamp -> org.hibernate.type.BasicTypeReference@6b3d9c38
2025-05-16T20:30:49.406+09:00 DEBUG 22264 --- [    Test worker] org.hibernate.type.BasicTypeRegistry     : Adding type registration imm_calendar -> org.hibernate.type.BasicTypeReference@426710f0
2025-05-16T20:30:49.406+09:00 DEBUG 22264 --- [    Test worker] org.hibernate.type.BasicTypeRegistry     : Adding type registration imm_calendar_date -> org.hibernate.type.BasicTypeReference@5c5a91b4
2025-05-16T20:30:49.406+09:00 DEBUG 22264 --- [    Test worker] org.hibernate.type.BasicTypeRegistry     : Adding type registration imm_calendar_time -> org.hibernate.type.BasicTypeReference@5e37fb82
2025-05-16T20:30:49.406+09:00 DEBUG 22264 --- [    Test worker] org.hibernate.type.BasicTypeRegistry     : Adding type registration imm_binary -> org.hibernate.type.BasicTypeReference@59ec7020
2025-05-16T20:30:49.406+09:00 DEBUG 22264 --- [    Test worker] org.hibernate.type.BasicTypeRegistry     : Adding type registration imm_serializable -> org.hibernate.type.BasicTypeReference@23f60b7d
2025-05-16T20:30:49.482+09:00  INFO 22264 --- [    Test worker] o.s.o.j.p.SpringPersistenceUnitInfo      : No LoadTimeWeaver setup: ignoring JPA class transformer
2025-05-16T20:30:49.491+09:00  INFO 22264 --- [    Test worker] com.zaxxer.hikari.HikariDataSource       : HikariPool-1 - Starting...
2025-05-16T20:30:49.642+09:00  INFO 22264 --- [    Test worker] com.zaxxer.hikari.pool.HikariPool        : HikariPool-1 - Added connection com.mysql.cj.jdbc.ConnectionImpl@3a1a0bc
2025-05-16T20:30:49.643+09:00  INFO 22264 --- [    Test worker] com.zaxxer.hikari.HikariDataSource       : HikariPool-1 - Start completed.
2025-05-16T20:30:49.672+09:00  INFO 22264 --- [    Test worker] org.hibernate.orm.connections.pooling    : HHH10001005: Database info:
	Database JDBC URL [Connecting through datasource 'HikariDataSource (HikariPool-1)']
	Database driver: undefined/unknown
	Database version: 8.0.41
	Autocommit mode: undefined/unknown
	Isolation level: undefined/unknown
	Minimum pool size: undefined/unknown
	Maximum pool size: undefined/unknown
2025-05-16T20:30:49.675+09:00 DEBUG 22264 --- [    Test worker] o.h.t.d.sql.spi.DdlTypeRegistry          : addDescriptor(12, org.hibernate.type.descriptor.sql.internal.CapacityDependentDdlType@d190639) replaced previous registration(org.hibernate.type.descriptor.sql.internal.CapacityDependentDdlType@5f82209e)
2025-05-16T20:30:49.675+09:00 DEBUG 22264 --- [    Test worker] o.h.t.d.sql.spi.DdlTypeRegistry          : addDescriptor(-9, org.hibernate.type.descriptor.sql.internal.CapacityDependentDdlType@515c732d) replaced previous registration(org.hibernate.type.descriptor.sql.internal.CapacityDependentDdlType@5ae87de0)
2025-05-16T20:30:49.675+09:00 DEBUG 22264 --- [    Test worker] o.h.t.d.sql.spi.DdlTypeRegistry          : addDescriptor(-3, org.hibernate.type.descriptor.sql.internal.CapacityDependentDdlType@1f85904a) replaced previous registration(org.hibernate.type.descriptor.sql.internal.CapacityDependentDdlType@514dc5f4)
2025-05-16T20:30:49.675+09:00 DEBUG 22264 --- [    Test worker] o.h.t.d.sql.spi.DdlTypeRegistry          : addDescriptor(4003, org.hibernate.type.descriptor.sql.internal.DdlTypeImpl@633a11eb) replaced previous registration(org.hibernate.type.descriptor.sql.internal.DdlTypeImpl@7a247711)
2025-05-16T20:30:49.675+09:00 DEBUG 22264 --- [    Test worker] o.h.t.d.sql.spi.DdlTypeRegistry          : addDescriptor(4001, org.hibernate.type.descriptor.sql.internal.DdlTypeImpl@4910afdf) replaced previous registration(org.hibernate.type.descriptor.sql.internal.DdlTypeImpl@764db16c)
2025-05-16T20:30:49.675+09:00 DEBUG 22264 --- [    Test worker] o.h.t.d.sql.spi.DdlTypeRegistry          : addDescriptor(4002, org.hibernate.type.descriptor.sql.internal.DdlTypeImpl@45cb5307) replaced previous registration(org.hibernate.type.descriptor.sql.internal.DdlTypeImpl@1c8e2850)
2025-05-16T20:30:49.675+09:00 DEBUG 22264 --- [    Test worker] o.h.t.d.sql.spi.DdlTypeRegistry          : addDescriptor(2004, org.hibernate.type.descriptor.sql.internal.CapacityDependentDdlType@50ac1249) replaced previous registration(org.hibernate.type.descriptor.sql.internal.DdlTypeImpl@4bf10fe1)
2025-05-16T20:30:49.676+09:00 DEBUG 22264 --- [    Test worker] o.h.t.d.sql.spi.DdlTypeRegistry          : addDescriptor(2005, org.hibernate.type.descriptor.sql.internal.CapacityDependentDdlType@543d2ef3) replaced previous registration(org.hibernate.type.descriptor.sql.internal.DdlTypeImpl@399c408c)
2025-05-16T20:30:49.676+09:00 DEBUG 22264 --- [    Test worker] o.h.t.d.sql.spi.DdlTypeRegistry          : addDescriptor(2011, org.hibernate.type.descriptor.sql.internal.CapacityDependentDdlType@99223ac) replaced previous registration(org.hibernate.type.descriptor.sql.internal.DdlTypeImpl@4a5fab78)
2025-05-16T20:30:49.676+09:00 DEBUG 22264 --- [    Test worker] o.h.t.d.jdbc.spi.JdbcTypeRegistry        : addDescriptor(NCharTypeDescriptor) replaced previous registration(CharTypeDescriptor)
2025-05-16T20:30:49.676+09:00 DEBUG 22264 --- [    Test worker] o.h.t.d.jdbc.spi.JdbcTypeRegistry        : addDescriptor(NVarcharTypeDescriptor) replaced previous registration(VarcharTypeDescriptor)
2025-05-16T20:30:49.676+09:00 DEBUG 22264 --- [    Test worker] o.h.t.d.jdbc.spi.JdbcTypeRegistry        : addDescriptor(LongNVarcharTypeDescriptor) replaced previous registration(LongVarcharTypeDescriptor)
2025-05-16T20:30:49.677+09:00 DEBUG 22264 --- [    Test worker] o.h.t.d.jdbc.spi.JdbcTypeRegistry        : addDescriptor(NClobTypeDescriptor(DEFAULT)) replaced previous registration(ClobTypeDescriptor(DEFAULT))
2025-05-16T20:30:49.678+09:00 DEBUG 22264 --- [    Test worker] org.hibernate.type.BasicTypeRegistry     : Adding type registration null -> org.hibernate.type.NullType@6159fb3c
2025-05-16T20:30:49.678+09:00 DEBUG 22264 --- [    Test worker] org.hibernate.type.BasicTypeRegistry     : Type registration key [null] overrode previous entry : `org.hibernate.type.NullType@25218a4d`
2025-05-16T20:30:49.680+09:00 DEBUG 22264 --- [    Test worker] org.hibernate.type.BasicTypeRegistry     : Adding type registration org.hibernate.type.DurationType -> basicType@1(java.time.Duration,3015)
2025-05-16T20:30:49.680+09:00 DEBUG 22264 --- [    Test worker] org.hibernate.type.BasicTypeRegistry     : Adding type registration Duration -> basicType@1(java.time.Duration,3015)
2025-05-16T20:30:49.680+09:00 DEBUG 22264 --- [    Test worker] org.hibernate.type.BasicTypeRegistry     : Adding type registration java.time.Duration -> basicType@1(java.time.Duration,3015)
2025-05-16T20:30:49.681+09:00 DEBUG 22264 --- [    Test worker] org.hibernate.type.BasicTypeRegistry     : Adding type registration org.hibernate.type.OffsetDateTimeType -> basicType@2(java.time.OffsetDateTime,3003)
2025-05-16T20:30:49.681+09:00 DEBUG 22264 --- [    Test worker] org.hibernate.type.BasicTypeRegistry     : Adding type registration OffsetDateTime -> basicType@2(java.time.OffsetDateTime,3003)
2025-05-16T20:30:49.681+09:00 DEBUG 22264 --- [    Test worker] org.hibernate.type.BasicTypeRegistry     : Adding type registration java.time.OffsetDateTime -> basicType@2(java.time.OffsetDateTime,3003)
2025-05-16T20:30:49.681+09:00 DEBUG 22264 --- [    Test worker] org.hibernate.type.BasicTypeRegistry     : Adding type registration org.hibernate.type.ZonedDateTimeType -> basicType@3(java.time.ZonedDateTime,3003)
2025-05-16T20:30:49.681+09:00 DEBUG 22264 --- [    Test worker] org.hibernate.type.BasicTypeRegistry     : Adding type registration ZonedDateTime -> basicType@3(java.time.ZonedDateTime,3003)
2025-05-16T20:30:49.681+09:00 DEBUG 22264 --- [    Test worker] org.hibernate.type.BasicTypeRegistry     : Adding type registration java.time.ZonedDateTime -> basicType@3(java.time.ZonedDateTime,3003)
2025-05-16T20:30:49.682+09:00 DEBUG 22264 --- [    Test worker] org.hibernate.type.BasicTypeRegistry     : Adding type registration org.hibernate.type.OffsetTimeType -> basicType@4(java.time.OffsetTime,3007)
2025-05-16T20:30:49.682+09:00 DEBUG 22264 --- [    Test worker] org.hibernate.type.BasicTypeRegistry     : Adding type registration OffsetTime -> basicType@4(java.time.OffsetTime,3007)
2025-05-16T20:30:49.682+09:00 DEBUG 22264 --- [    Test worker] org.hibernate.type.BasicTypeRegistry     : Adding type registration java.time.OffsetTime -> basicType@4(java.time.OffsetTime,3007)
2025-05-16T20:30:49.683+09:00 DEBUG 22264 --- [    Test worker] o.h.type.spi.TypeConfiguration$Scope     : Scoping TypeConfiguration [org.hibernate.type.spi.TypeConfiguration@b5ff70b] to MetadataBuildingContext [org.hibernate.boot.internal.MetadataBuildingContextRootImpl@5709e10b]
2025-05-16T20:30:50.174+09:00  INFO 22264 --- [    Test worker] o.h.e.t.j.p.i.JtaPlatformInitiator       : HHH000489: No JTA platform available (set 'hibernate.transaction.jta.platform' to enable JTA platform integration)
2025-05-16T20:30:50.174+09:00 DEBUG 22264 --- [    Test worker] o.h.type.spi.TypeConfiguration$Scope     : Scoping TypeConfiguration [org.hibernate.type.spi.TypeConfiguration@b5ff70b] to SessionFactoryImplementor [org.hibernate.internal.SessionFactoryImpl@14af57c3]
2025-05-16T20:30:50.178+09:00 DEBUG 22264 --- [    Test worker] org.hibernate.SQL                        : 
    alter table chattingrooms 
       drop 
       foreign key FK7hevsmkvn545ybx5s6xo100xy
Hibernate: 
    alter table chattingrooms 
       drop 
       foreign key FK7hevsmkvn545ybx5s6xo100xy
2025-05-16T20:30:50.190+09:00 DEBUG 22264 --- [    Test worker] org.hibernate.SQL                        : 
    alter table chattings 
       drop 
       foreign key FKpsak8o1h14n3n5f2vgsuecsi5
Hibernate: 
    alter table chattings 
       drop 
       foreign key FKpsak8o1h14n3n5f2vgsuecsi5
2025-05-16T20:30:50.196+09:00 DEBUG 22264 --- [    Test worker] org.hibernate.SQL                        : 
    alter table chattings 
       drop 
       foreign key FKoty43uguxbn6j3hbqoi7bk33j
Hibernate: 
    alter table chattings 
       drop 
       foreign key FKoty43uguxbn6j3hbqoi7bk33j
2025-05-16T20:30:50.202+09:00 DEBUG 22264 --- [    Test worker] org.hibernate.SQL                        : 
    alter table comments 
       drop 
       foreign key FK7h839m3lkvhbyv3bcdv7sm4fj
Hibernate: 
    alter table comments 
       drop 
       foreign key FK7h839m3lkvhbyv3bcdv7sm4fj
2025-05-16T20:30:50.208+09:00 DEBUG 22264 --- [    Test worker] org.hibernate.SQL                        : 
    alter table comments 
       drop 
       foreign key FKh4c7lvsc298whoyd4w9ta25cr
Hibernate: 
    alter table comments 
       drop 
       foreign key FKh4c7lvsc298whoyd4w9ta25cr
2025-05-16T20:30:50.212+09:00 DEBUG 22264 --- [    Test worker] org.hibernate.SQL                        : 
    alter table comments 
       drop 
       foreign key FK8omq0tc18jd43bu5tjh6jvraq
Hibernate: 
    alter table comments 
       drop 
       foreign key FK8omq0tc18jd43bu5tjh6jvraq
2025-05-16T20:30:50.215+09:00 DEBUG 22264 --- [    Test worker] org.hibernate.SQL                        : 
    alter table photos 
       drop 
       foreign key FK6y417rkxpq0v9rurdmrj96034
Hibernate: 
    alter table photos 
       drop 
       foreign key FK6y417rkxpq0v9rurdmrj96034
2025-05-16T20:30:50.218+09:00 DEBUG 22264 --- [    Test worker] org.hibernate.SQL                        : 
    alter table postlikes 
       drop 
       foreign key FKh1nd330g5xtxwwpw99sb1433s
Hibernate: 
    alter table postlikes 
       drop 
       foreign key FKh1nd330g5xtxwwpw99sb1433s
2025-05-16T20:30:50.221+09:00 DEBUG 22264 --- [    Test worker] org.hibernate.SQL                        : 
    alter table postlikes 
       drop 
       foreign key FKk1m5jsipv2u4j638smcmn7ujv
Hibernate: 
    alter table postlikes 
       drop 
       foreign key FKk1m5jsipv2u4j638smcmn7ujv
2025-05-16T20:30:50.223+09:00 DEBUG 22264 --- [    Test worker] org.hibernate.SQL                        : 
    alter table posts 
       drop 
       foreign key FK5lidm6cqbc7u4xhqpxm898qme
Hibernate: 
    alter table posts 
       drop 
       foreign key FK5lidm6cqbc7u4xhqpxm898qme
2025-05-16T20:30:50.230+09:00 DEBUG 22264 --- [    Test worker] org.hibernate.SQL                        : 
    drop table if exists chattingrooms
Hibernate: 
    drop table if exists chattingrooms
2025-05-16T20:30:50.233+09:00 DEBUG 22264 --- [    Test worker] org.hibernate.SQL                        : 
    drop table if exists chattings
Hibernate: 
    drop table if exists chattings
2025-05-16T20:30:50.239+09:00 DEBUG 22264 --- [    Test worker] org.hibernate.SQL                        : 
    drop table if exists comments
Hibernate: 
    drop table if exists comments
2025-05-16T20:30:50.243+09:00 DEBUG 22264 --- [    Test worker] org.hibernate.SQL                        : 
    drop table if exists photos
Hibernate: 
    drop table if exists photos
2025-05-16T20:30:50.245+09:00 DEBUG 22264 --- [    Test worker] org.hibernate.SQL                        : 
    drop table if exists postlikes
Hibernate: 
    drop table if exists postlikes
2025-05-16T20:30:50.247+09:00 DEBUG 22264 --- [    Test worker] org.hibernate.SQL                        : 
    drop table if exists posts
Hibernate: 
    drop table if exists posts
2025-05-16T20:30:50.248+09:00 DEBUG 22264 --- [    Test worker] org.hibernate.SQL                        : 
    drop table if exists users
Hibernate: 
    drop table if exists users
2025-05-16T20:30:50.253+09:00 DEBUG 22264 --- [    Test worker] org.hibernate.SQL                        : 
    create table chattingrooms (
        chattingroom_id bigint not null auto_increment,
        created_at datetime(6),
        post_id bigint not null,
        updated_at datetime(6),
        user_id bigint not null,
        primary key (chattingroom_id)
    ) engine=InnoDB
Hibernate: 
    create table chattingrooms (
        chattingroom_id bigint not null auto_increment,
        created_at datetime(6),
        post_id bigint not null,
        updated_at datetime(6),
        user_id bigint not null,
        primary key (chattingroom_id)
    ) engine=InnoDB
2025-05-16T20:30:50.256+09:00 DEBUG 22264 --- [    Test worker] org.hibernate.SQL                        : 
    create table chattings (
        chatting_id bigint not null auto_increment,
        chattingroom_id bigint not null,
        created_at datetime(6),
        user_id bigint not null,
        content TEXT,
        primary key (chatting_id)
    ) engine=InnoDB
Hibernate: 
    create table chattings (
        chatting_id bigint not null auto_increment,
        chattingroom_id bigint not null,
        created_at datetime(6),
        user_id bigint not null,
        content TEXT,
        primary key (chatting_id)
    ) engine=InnoDB
2025-05-16T20:30:50.259+09:00 DEBUG 22264 --- [    Test worker] org.hibernate.SQL                        : 
    create table comments (
        comment_id bigint not null auto_increment,
        created_at datetime(6),
        parent_comment_id bigint,
        post_id bigint not null,
        updated_at datetime(6),
        user_id bigint not null,
        content TEXT not null,
        primary key (comment_id)
    ) engine=InnoDB
Hibernate: 
    create table comments (
        comment_id bigint not null auto_increment,
        created_at datetime(6),
        parent_comment_id bigint,
        post_id bigint not null,
        updated_at datetime(6),
        user_id bigint not null,
        content TEXT not null,
        primary key (comment_id)
    ) engine=InnoDB
2025-05-16T20:30:50.261+09:00 DEBUG 22264 --- [    Test worker] org.hibernate.SQL                        : 
    create table photos (
        created_at datetime(6),
        image_id bigint not null auto_increment,
        post_id bigint,
        path varchar(255) not null,
        primary key (image_id)
    ) engine=InnoDB
Hibernate: 
    create table photos (
        created_at datetime(6),
        image_id bigint not null auto_increment,
        post_id bigint,
        path varchar(255) not null,
        primary key (image_id)
    ) engine=InnoDB
2025-05-16T20:30:50.264+09:00 DEBUG 22264 --- [    Test worker] org.hibernate.SQL                        : 
    create table postlikes (
        id bigint not null auto_increment,
        post_id bigint not null,
        user_id bigint not null,
        primary key (id)
    ) engine=InnoDB
Hibernate: 
    create table postlikes (
        id bigint not null auto_increment,
        post_id bigint not null,
        user_id bigint not null,
        primary key (id)
    ) engine=InnoDB
2025-05-16T20:30:50.267+09:00 DEBUG 22264 --- [    Test worker] org.hibernate.SQL                        : 
    create table posts (
        created_at datetime(6),
        post_id bigint not null auto_increment,
        updated_at datetime(6),
        user_id bigint not null,
        content TEXT not null,
        status varchar(255) not null,
        title varchar(255) not null,
        primary key (post_id)
    ) engine=InnoDB
Hibernate: 
    create table posts (
        created_at datetime(6),
        post_id bigint not null auto_increment,
        updated_at datetime(6),
        user_id bigint not null,
        content TEXT not null,
        status varchar(255) not null,
        title varchar(255) not null,
        primary key (post_id)
    ) engine=InnoDB
2025-05-16T20:30:50.269+09:00 DEBUG 22264 --- [    Test worker] org.hibernate.SQL                        : 
    create table users (
        created_at datetime(6),
        user_id bigint not null auto_increment,
        email varchar(255) not null,
        name varchar(255) not null,
        nickname varchar(255) not null,
        password varchar(255) not null,
        phone varchar(255) not null,
        profile varchar(255) not null,
        profile_img_path varchar(255) not null,
        role varchar(255) not null,
        primary key (user_id)
    ) engine=InnoDB
Hibernate: 
    create table users (
        created_at datetime(6),
        user_id bigint not null auto_increment,
        email varchar(255) not null,
        name varchar(255) not null,
        nickname varchar(255) not null,
        password varchar(255) not null,
        phone varchar(255) not null,
        profile varchar(255) not null,
        profile_img_path varchar(255) not null,
        role varchar(255) not null,
        primary key (user_id)
    ) engine=InnoDB
2025-05-16T20:30:50.273+09:00 DEBUG 22264 --- [    Test worker] org.hibernate.SQL                        : 
    alter table postlikes 
       add constraint UKg0hmclnodtacjhr4y1jwl59jg unique (post_id, user_id)
Hibernate: 
    alter table postlikes 
       add constraint UKg0hmclnodtacjhr4y1jwl59jg unique (post_id, user_id)
2025-05-16T20:30:50.276+09:00 DEBUG 22264 --- [    Test worker] org.hibernate.SQL                        : 
    alter table chattingrooms 
       add constraint FK7hevsmkvn545ybx5s6xo100xy 
       foreign key (user_id) 
       references users (user_id)
Hibernate: 
    alter table chattingrooms 
       add constraint FK7hevsmkvn545ybx5s6xo100xy 
       foreign key (user_id) 
       references users (user_id)
2025-05-16T20:30:50.282+09:00 DEBUG 22264 --- [    Test worker] org.hibernate.SQL                        : 
    alter table chattings 
       add constraint FKpsak8o1h14n3n5f2vgsuecsi5 
       foreign key (chattingroom_id) 
       references chattingrooms (chattingroom_id)
Hibernate: 
    alter table chattings 
       add constraint FKpsak8o1h14n3n5f2vgsuecsi5 
       foreign key (chattingroom_id) 
       references chattingrooms (chattingroom_id)
2025-05-16T20:30:50.288+09:00 DEBUG 22264 --- [    Test worker] org.hibernate.SQL                        : 
    alter table chattings 
       add constraint FKoty43uguxbn6j3hbqoi7bk33j 
       foreign key (user_id) 
       references users (user_id)
Hibernate: 
    alter table chattings 
       add constraint FKoty43uguxbn6j3hbqoi7bk33j 
       foreign key (user_id) 
       references users (user_id)
2025-05-16T20:30:50.296+09:00 DEBUG 22264 --- [    Test worker] org.hibernate.SQL                        : 
    alter table comments 
       add constraint FK7h839m3lkvhbyv3bcdv7sm4fj 
       foreign key (parent_comment_id) 
       references comments (comment_id)
Hibernate: 
    alter table comments 
       add constraint FK7h839m3lkvhbyv3bcdv7sm4fj 
       foreign key (parent_comment_id) 
       references comments (comment_id)
2025-05-16T20:30:50.302+09:00 DEBUG 22264 --- [    Test worker] org.hibernate.SQL                        : 
    alter table comments 
       add constraint FKh4c7lvsc298whoyd4w9ta25cr 
       foreign key (post_id) 
       references posts (post_id)
Hibernate: 
    alter table comments 
       add constraint FKh4c7lvsc298whoyd4w9ta25cr 
       foreign key (post_id) 
       references posts (post_id)
2025-05-16T20:30:50.308+09:00 DEBUG 22264 --- [    Test worker] org.hibernate.SQL                        : 
    alter table comments 
       add constraint FK8omq0tc18jd43bu5tjh6jvraq 
       foreign key (user_id) 
       references users (user_id)
Hibernate: 
    alter table comments 
       add constraint FK8omq0tc18jd43bu5tjh6jvraq 
       foreign key (user_id) 
       references users (user_id)
2025-05-16T20:30:50.317+09:00 DEBUG 22264 --- [    Test worker] org.hibernate.SQL                        : 
    alter table photos 
       add constraint FK6y417rkxpq0v9rurdmrj96034 
       foreign key (post_id) 
       references posts (post_id)
Hibernate: 
    alter table photos 
       add constraint FK6y417rkxpq0v9rurdmrj96034 
       foreign key (post_id) 
       references posts (post_id)
2025-05-16T20:30:50.324+09:00 DEBUG 22264 --- [    Test worker] org.hibernate.SQL                        : 
    alter table postlikes 
       add constraint FKh1nd330g5xtxwwpw99sb1433s 
       foreign key (post_id) 
       references posts (post_id)
Hibernate: 
    alter table postlikes 
       add constraint FKh1nd330g5xtxwwpw99sb1433s 
       foreign key (post_id) 
       references posts (post_id)
2025-05-16T20:30:50.331+09:00 DEBUG 22264 --- [    Test worker] org.hibernate.SQL                        : 
    alter table postlikes 
       add constraint FKk1m5jsipv2u4j638smcmn7ujv 
       foreign key (user_id) 
       references users (user_id)
Hibernate: 
    alter table postlikes 
       add constraint FKk1m5jsipv2u4j638smcmn7ujv 
       foreign key (user_id) 
       references users (user_id)
2025-05-16T20:30:50.338+09:00 DEBUG 22264 --- [    Test worker] org.hibernate.SQL                        : 
    alter table posts 
       add constraint FK5lidm6cqbc7u4xhqpxm898qme 
       foreign key (user_id) 
       references users (user_id)
Hibernate: 
    alter table posts 
       add constraint FK5lidm6cqbc7u4xhqpxm898qme 
       foreign key (user_id) 
       references users (user_id)
2025-05-16T20:30:50.346+09:00 TRACE 22264 --- [    Test worker] o.h.type.spi.TypeConfiguration$Scope     : Handling #sessionFactoryCreated from [org.hibernate.internal.SessionFactoryImpl@14af57c3] for TypeConfiguration
2025-05-16T20:30:50.346+09:00  INFO 22264 --- [    Test worker] j.LocalContainerEntityManagerFactoryBean : Initialized JPA EntityManagerFactory for persistence unit 'default'
2025-05-16T20:30:50.401+09:00 DEBUG 22264 --- [    Test worker] o.h.stat.internal.StatisticsInitiator    : Statistics initialized [enabled=true]
2025-05-16T20:30:50.403+09:00  INFO 22264 --- [    Test worker] i.StatisticalLoggingSessionEventListener : Session Metrics {
    0 nanoseconds spent acquiring 0 JDBC connections;
    0 nanoseconds spent releasing 0 JDBC connections;
    0 nanoseconds spent preparing 0 JDBC statements;
    0 nanoseconds spent executing 0 JDBC statements;
    0 nanoseconds spent executing 0 JDBC batches;
    0 nanoseconds spent performing 0 L2C puts;
    0 nanoseconds spent performing 0 L2C hits;
    0 nanoseconds spent performing 0 L2C misses;
    0 nanoseconds spent executing 0 flushes (flushing a total of 0 entities and 0 collections);
    0 nanoseconds spent executing 0 pre-partial-flushes;
    0 nanoseconds spent executing 0 partial-flushes (flushing a total of 0 entities and 0 collections)
}
2025-05-16T20:30:50.403+09:00 TRACE 22264 --- [    Test worker] o.h.e.jdbc.internal.JdbcCoordinatorImpl  : Closing JDBC container [org.hibernate.engine.jdbc.internal.JdbcCoordinatorImpl@186e254]
2025-05-16T20:30:50.403+09:00 TRACE 22264 --- [    Test worker] o.h.r.j.i.ResourceRegistryStandardImpl   : Releasing JDBC resources
2025-05-16T20:30:50.403+09:00  INFO 22264 --- [    Test worker] i.StatisticalLoggingSessionEventListener : Session Metrics {
    0 nanoseconds spent acquiring 0 JDBC connections;
    0 nanoseconds spent releasing 0 JDBC connections;
    0 nanoseconds spent preparing 0 JDBC statements;
    0 nanoseconds spent executing 0 JDBC statements;
    0 nanoseconds spent executing 0 JDBC batches;
    0 nanoseconds spent performing 0 L2C puts;
    0 nanoseconds spent performing 0 L2C hits;
    0 nanoseconds spent performing 0 L2C misses;
    0 nanoseconds spent executing 0 flushes (flushing a total of 0 entities and 0 collections);
    0 nanoseconds spent executing 0 pre-partial-flushes;
    0 nanoseconds spent executing 0 partial-flushes (flushing a total of 0 entities and 0 collections)
}
2025-05-16T20:30:50.403+09:00 TRACE 22264 --- [    Test worker] o.h.e.jdbc.internal.JdbcCoordinatorImpl  : Closing JDBC container [org.hibernate.engine.jdbc.internal.JdbcCoordinatorImpl@39ee07a9]
2025-05-16T20:30:50.403+09:00 TRACE 22264 --- [    Test worker] o.h.r.j.i.ResourceRegistryStandardImpl   : Releasing JDBC resources
2025-05-16T20:30:50.430+09:00  INFO 22264 --- [    Test worker] i.StatisticalLoggingSessionEventListener : Session Metrics {
    0 nanoseconds spent acquiring 0 JDBC connections;
    0 nanoseconds spent releasing 0 JDBC connections;
    0 nanoseconds spent preparing 0 JDBC statements;
    0 nanoseconds spent executing 0 JDBC statements;
    0 nanoseconds spent executing 0 JDBC batches;
    0 nanoseconds spent performing 0 L2C puts;
    0 nanoseconds spent performing 0 L2C hits;
    0 nanoseconds spent performing 0 L2C misses;
    0 nanoseconds spent executing 0 flushes (flushing a total of 0 entities and 0 collections);
    0 nanoseconds spent executing 0 pre-partial-flushes;
    0 nanoseconds spent executing 0 partial-flushes (flushing a total of 0 entities and 0 collections)
}
2025-05-16T20:30:50.430+09:00 TRACE 22264 --- [    Test worker] o.h.e.jdbc.internal.JdbcCoordinatorImpl  : Closing JDBC container [org.hibernate.engine.jdbc.internal.JdbcCoordinatorImpl@732fa176]
2025-05-16T20:30:50.430+09:00 TRACE 22264 --- [    Test worker] o.h.r.j.i.ResourceRegistryStandardImpl   : Releasing JDBC resources
2025-05-16T20:30:50.445+09:00  INFO 22264 --- [    Test worker] i.StatisticalLoggingSessionEventListener : Session Metrics {
    0 nanoseconds spent acquiring 0 JDBC connections;
    0 nanoseconds spent releasing 0 JDBC connections;
    0 nanoseconds spent preparing 0 JDBC statements;
    0 nanoseconds spent executing 0 JDBC statements;
    0 nanoseconds spent executing 0 JDBC batches;
    0 nanoseconds spent performing 0 L2C puts;
    0 nanoseconds spent performing 0 L2C hits;
    0 nanoseconds spent performing 0 L2C misses;
    0 nanoseconds spent executing 0 flushes (flushing a total of 0 entities and 0 collections);
    0 nanoseconds spent executing 0 pre-partial-flushes;
    0 nanoseconds spent executing 0 partial-flushes (flushing a total of 0 entities and 0 collections)
}
2025-05-16T20:30:50.445+09:00 TRACE 22264 --- [    Test worker] o.h.e.jdbc.internal.JdbcCoordinatorImpl  : Closing JDBC container [org.hibernate.engine.jdbc.internal.JdbcCoordinatorImpl@3ddc5a75]
2025-05-16T20:30:50.445+09:00 TRACE 22264 --- [    Test worker] o.h.r.j.i.ResourceRegistryStandardImpl   : Releasing JDBC resources
2025-05-16T20:30:50.445+09:00  INFO 22264 --- [    Test worker] i.StatisticalLoggingSessionEventListener : Session Metrics {
    0 nanoseconds spent acquiring 0 JDBC connections;
    0 nanoseconds spent releasing 0 JDBC connections;
    0 nanoseconds spent preparing 0 JDBC statements;
    0 nanoseconds spent executing 0 JDBC statements;
    0 nanoseconds spent executing 0 JDBC batches;
    0 nanoseconds spent performing 0 L2C puts;
    0 nanoseconds spent performing 0 L2C hits;
    0 nanoseconds spent performing 0 L2C misses;
    0 nanoseconds spent executing 0 flushes (flushing a total of 0 entities and 0 collections);
    0 nanoseconds spent executing 0 pre-partial-flushes;
    0 nanoseconds spent executing 0 partial-flushes (flushing a total of 0 entities and 0 collections)
}
2025-05-16T20:30:50.445+09:00 TRACE 22264 --- [    Test worker] o.h.e.jdbc.internal.JdbcCoordinatorImpl  : Closing JDBC container [org.hibernate.engine.jdbc.internal.JdbcCoordinatorImpl@65192f16]
2025-05-16T20:30:50.445+09:00 TRACE 22264 --- [    Test worker] o.h.r.j.i.ResourceRegistryStandardImpl   : Releasing JDBC resources
2025-05-16T20:30:50.452+09:00  INFO 22264 --- [    Test worker] o.s.d.j.r.query.QueryEnhancerFactory     : Hibernate is in classpath; If applicable, HQL parser will be used.
2025-05-16T20:30:50.635+09:00  INFO 22264 --- [    Test worker] i.StatisticalLoggingSessionEventListener : Session Metrics {
    0 nanoseconds spent acquiring 0 JDBC connections;
    0 nanoseconds spent releasing 0 JDBC connections;
    0 nanoseconds spent preparing 0 JDBC statements;
    0 nanoseconds spent executing 0 JDBC statements;
    0 nanoseconds spent executing 0 JDBC batches;
    0 nanoseconds spent performing 0 L2C puts;
    0 nanoseconds spent performing 0 L2C hits;
    0 nanoseconds spent performing 0 L2C misses;
    0 nanoseconds spent executing 0 flushes (flushing a total of 0 entities and 0 collections);
    0 nanoseconds spent executing 0 pre-partial-flushes;
    0 nanoseconds spent executing 0 partial-flushes (flushing a total of 0 entities and 0 collections)
}
2025-05-16T20:30:50.635+09:00 TRACE 22264 --- [    Test worker] o.h.e.jdbc.internal.JdbcCoordinatorImpl  : Closing JDBC container [org.hibernate.engine.jdbc.internal.JdbcCoordinatorImpl@377a1763]
2025-05-16T20:30:50.635+09:00 TRACE 22264 --- [    Test worker] o.h.r.j.i.ResourceRegistryStandardImpl   : Releasing JDBC resources
2025-05-16T20:30:50.636+09:00  INFO 22264 --- [    Test worker] i.StatisticalLoggingSessionEventListener : Session Metrics {
    0 nanoseconds spent acquiring 0 JDBC connections;
    0 nanoseconds spent releasing 0 JDBC connections;
    0 nanoseconds spent preparing 0 JDBC statements;
    0 nanoseconds spent executing 0 JDBC statements;
    0 nanoseconds spent executing 0 JDBC batches;
    0 nanoseconds spent performing 0 L2C puts;
    0 nanoseconds spent performing 0 L2C hits;
    0 nanoseconds spent performing 0 L2C misses;
    0 nanoseconds spent executing 0 flushes (flushing a total of 0 entities and 0 collections);
    0 nanoseconds spent executing 0 pre-partial-flushes;
    0 nanoseconds spent executing 0 partial-flushes (flushing a total of 0 entities and 0 collections)
}
2025-05-16T20:30:50.636+09:00 TRACE 22264 --- [    Test worker] o.h.e.jdbc.internal.JdbcCoordinatorImpl  : Closing JDBC container [org.hibernate.engine.jdbc.internal.JdbcCoordinatorImpl@15932faf]
2025-05-16T20:30:50.636+09:00 TRACE 22264 --- [    Test worker] o.h.r.j.i.ResourceRegistryStandardImpl   : Releasing JDBC resources
2025-05-16T20:30:50.636+09:00  INFO 22264 --- [    Test worker] i.StatisticalLoggingSessionEventListener : Session Metrics {
    0 nanoseconds spent acquiring 0 JDBC connections;
    0 nanoseconds spent releasing 0 JDBC connections;
    0 nanoseconds spent preparing 0 JDBC statements;
    0 nanoseconds spent executing 0 JDBC statements;
    0 nanoseconds spent executing 0 JDBC batches;
    0 nanoseconds spent performing 0 L2C puts;
    0 nanoseconds spent performing 0 L2C hits;
    0 nanoseconds spent performing 0 L2C misses;
    0 nanoseconds spent executing 0 flushes (flushing a total of 0 entities and 0 collections);
    0 nanoseconds spent executing 0 pre-partial-flushes;
    0 nanoseconds spent executing 0 partial-flushes (flushing a total of 0 entities and 0 collections)
}
2025-05-16T20:30:50.636+09:00 TRACE 22264 --- [    Test worker] o.h.e.jdbc.internal.JdbcCoordinatorImpl  : Closing JDBC container [org.hibernate.engine.jdbc.internal.JdbcCoordinatorImpl@7066c00a]
2025-05-16T20:30:50.636+09:00 TRACE 22264 --- [    Test worker] o.h.r.j.i.ResourceRegistryStandardImpl   : Releasing JDBC resources
2025-05-16T20:30:50.647+09:00  INFO 22264 --- [    Test worker] i.StatisticalLoggingSessionEventListener : Session Metrics {
    0 nanoseconds spent acquiring 0 JDBC connections;
    0 nanoseconds spent releasing 0 JDBC connections;
    0 nanoseconds spent preparing 0 JDBC statements;
    0 nanoseconds spent executing 0 JDBC statements;
    0 nanoseconds spent executing 0 JDBC batches;
    0 nanoseconds spent performing 0 L2C puts;
    0 nanoseconds spent performing 0 L2C hits;
    0 nanoseconds spent performing 0 L2C misses;
    0 nanoseconds spent executing 0 flushes (flushing a total of 0 entities and 0 collections);
    0 nanoseconds spent executing 0 pre-partial-flushes;
    0 nanoseconds spent executing 0 partial-flushes (flushing a total of 0 entities and 0 collections)
}
2025-05-16T20:30:50.647+09:00 TRACE 22264 --- [    Test worker] o.h.e.jdbc.internal.JdbcCoordinatorImpl  : Closing JDBC container [org.hibernate.engine.jdbc.internal.JdbcCoordinatorImpl@7c3bac88]
2025-05-16T20:30:50.647+09:00 TRACE 22264 --- [    Test worker] o.h.r.j.i.ResourceRegistryStandardImpl   : Releasing JDBC resources
2025-05-16T20:30:50.648+09:00  INFO 22264 --- [    Test worker] i.StatisticalLoggingSessionEventListener : Session Metrics {
    0 nanoseconds spent acquiring 0 JDBC connections;
    0 nanoseconds spent releasing 0 JDBC connections;
    0 nanoseconds spent preparing 0 JDBC statements;
    0 nanoseconds spent executing 0 JDBC statements;
    0 nanoseconds spent executing 0 JDBC batches;
    0 nanoseconds spent performing 0 L2C puts;
    0 nanoseconds spent performing 0 L2C hits;
    0 nanoseconds spent performing 0 L2C misses;
    0 nanoseconds spent executing 0 flushes (flushing a total of 0 entities and 0 collections);
    0 nanoseconds spent executing 0 pre-partial-flushes;
    0 nanoseconds spent executing 0 partial-flushes (flushing a total of 0 entities and 0 collections)
}
2025-05-16T20:30:50.648+09:00 TRACE 22264 --- [    Test worker] o.h.e.jdbc.internal.JdbcCoordinatorImpl  : Closing JDBC container [org.hibernate.engine.jdbc.internal.JdbcCoordinatorImpl@4c3c1963]
2025-05-16T20:30:50.648+09:00 TRACE 22264 --- [    Test worker] o.h.r.j.i.ResourceRegistryStandardImpl   : Releasing JDBC resources
2025-05-16T20:30:50.648+09:00  INFO 22264 --- [    Test worker] i.StatisticalLoggingSessionEventListener : Session Metrics {
    0 nanoseconds spent acquiring 0 JDBC connections;
    0 nanoseconds spent releasing 0 JDBC connections;
    0 nanoseconds spent preparing 0 JDBC statements;
    0 nanoseconds spent executing 0 JDBC statements;
    0 nanoseconds spent executing 0 JDBC batches;
    0 nanoseconds spent performing 0 L2C puts;
    0 nanoseconds spent performing 0 L2C hits;
    0 nanoseconds spent performing 0 L2C misses;
    0 nanoseconds spent executing 0 flushes (flushing a total of 0 entities and 0 collections);
    0 nanoseconds spent executing 0 pre-partial-flushes;
    0 nanoseconds spent executing 0 partial-flushes (flushing a total of 0 entities and 0 collections)
}
2025-05-16T20:30:50.648+09:00 TRACE 22264 --- [    Test worker] o.h.e.jdbc.internal.JdbcCoordinatorImpl  : Closing JDBC container [org.hibernate.engine.jdbc.internal.JdbcCoordinatorImpl@78652c15]
2025-05-16T20:30:50.648+09:00 TRACE 22264 --- [    Test worker] o.h.r.j.i.ResourceRegistryStandardImpl   : Releasing JDBC resources
2025-05-16T20:30:50.666+09:00  INFO 22264 --- [    Test worker] i.StatisticalLoggingSessionEventListener : Session Metrics {
    0 nanoseconds spent acquiring 0 JDBC connections;
    0 nanoseconds spent releasing 0 JDBC connections;
    0 nanoseconds spent preparing 0 JDBC statements;
    0 nanoseconds spent executing 0 JDBC statements;
    0 nanoseconds spent executing 0 JDBC batches;
    0 nanoseconds spent performing 0 L2C puts;
    0 nanoseconds spent performing 0 L2C hits;
    0 nanoseconds spent performing 0 L2C misses;
    0 nanoseconds spent executing 0 flushes (flushing a total of 0 entities and 0 collections);
    0 nanoseconds spent executing 0 pre-partial-flushes;
    0 nanoseconds spent executing 0 partial-flushes (flushing a total of 0 entities and 0 collections)
}
2025-05-16T20:30:50.666+09:00 TRACE 22264 --- [    Test worker] o.h.e.jdbc.internal.JdbcCoordinatorImpl  : Closing JDBC container [org.hibernate.engine.jdbc.internal.JdbcCoordinatorImpl@65067d90]
2025-05-16T20:30:50.666+09:00 TRACE 22264 --- [    Test worker] o.h.r.j.i.ResourceRegistryStandardImpl   : Releasing JDBC resources
2025-05-16T20:30:50.666+09:00  INFO 22264 --- [    Test worker] i.StatisticalLoggingSessionEventListener : Session Metrics {
    0 nanoseconds spent acquiring 0 JDBC connections;
    0 nanoseconds spent releasing 0 JDBC connections;
    0 nanoseconds spent preparing 0 JDBC statements;
    0 nanoseconds spent executing 0 JDBC statements;
    0 nanoseconds spent executing 0 JDBC batches;
    0 nanoseconds spent performing 0 L2C puts;
    0 nanoseconds spent performing 0 L2C hits;
    0 nanoseconds spent performing 0 L2C misses;
    0 nanoseconds spent executing 0 flushes (flushing a total of 0 entities and 0 collections);
    0 nanoseconds spent executing 0 pre-partial-flushes;
    0 nanoseconds spent executing 0 partial-flushes (flushing a total of 0 entities and 0 collections)
}
2025-05-16T20:30:50.666+09:00 TRACE 22264 --- [    Test worker] o.h.e.jdbc.internal.JdbcCoordinatorImpl  : Closing JDBC container [org.hibernate.engine.jdbc.internal.JdbcCoordinatorImpl@2380e8d4]
2025-05-16T20:30:50.666+09:00 TRACE 22264 --- [    Test worker] o.h.r.j.i.ResourceRegistryStandardImpl   : Releasing JDBC resources
2025-05-16T20:30:50.668+09:00  INFO 22264 --- [    Test worker] i.StatisticalLoggingSessionEventListener : Session Metrics {
    0 nanoseconds spent acquiring 0 JDBC connections;
    0 nanoseconds spent releasing 0 JDBC connections;
    0 nanoseconds spent preparing 0 JDBC statements;
    0 nanoseconds spent executing 0 JDBC statements;
    0 nanoseconds spent executing 0 JDBC batches;
    0 nanoseconds spent performing 0 L2C puts;
    0 nanoseconds spent performing 0 L2C hits;
    0 nanoseconds spent performing 0 L2C misses;
    0 nanoseconds spent executing 0 flushes (flushing a total of 0 entities and 0 collections);
    0 nanoseconds spent executing 0 pre-partial-flushes;
    0 nanoseconds spent executing 0 partial-flushes (flushing a total of 0 entities and 0 collections)
}
2025-05-16T20:30:50.668+09:00 TRACE 22264 --- [    Test worker] o.h.e.jdbc.internal.JdbcCoordinatorImpl  : Closing JDBC container [org.hibernate.engine.jdbc.internal.JdbcCoordinatorImpl@776d50d6]
2025-05-16T20:30:50.668+09:00 TRACE 22264 --- [    Test worker] o.h.r.j.i.ResourceRegistryStandardImpl   : Releasing JDBC resources
2025-05-16T20:30:50.668+09:00  INFO 22264 --- [    Test worker] i.StatisticalLoggingSessionEventListener : Session Metrics {
    0 nanoseconds spent acquiring 0 JDBC connections;
    0 nanoseconds spent releasing 0 JDBC connections;
    0 nanoseconds spent preparing 0 JDBC statements;
    0 nanoseconds spent executing 0 JDBC statements;
    0 nanoseconds spent executing 0 JDBC batches;
    0 nanoseconds spent performing 0 L2C puts;
    0 nanoseconds spent performing 0 L2C hits;
    0 nanoseconds spent performing 0 L2C misses;
    0 nanoseconds spent executing 0 flushes (flushing a total of 0 entities and 0 collections);
    0 nanoseconds spent executing 0 pre-partial-flushes;
    0 nanoseconds spent executing 0 partial-flushes (flushing a total of 0 entities and 0 collections)
}
2025-05-16T20:30:50.668+09:00 TRACE 22264 --- [    Test worker] o.h.e.jdbc.internal.JdbcCoordinatorImpl  : Closing JDBC container [org.hibernate.engine.jdbc.internal.JdbcCoordinatorImpl@43815bc]
2025-05-16T20:30:50.668+09:00 TRACE 22264 --- [    Test worker] o.h.r.j.i.ResourceRegistryStandardImpl   : Releasing JDBC resources
2025-05-16T20:30:50.714+09:00  INFO 22264 --- [    Test worker] i.StatisticalLoggingSessionEventListener : Session Metrics {
    0 nanoseconds spent acquiring 0 JDBC connections;
    0 nanoseconds spent releasing 0 JDBC connections;
    0 nanoseconds spent preparing 0 JDBC statements;
    0 nanoseconds spent executing 0 JDBC statements;
    0 nanoseconds spent executing 0 JDBC batches;
    0 nanoseconds spent performing 0 L2C puts;
    0 nanoseconds spent performing 0 L2C hits;
    0 nanoseconds spent performing 0 L2C misses;
    0 nanoseconds spent executing 0 flushes (flushing a total of 0 entities and 0 collections);
    0 nanoseconds spent executing 0 pre-partial-flushes;
    0 nanoseconds spent executing 0 partial-flushes (flushing a total of 0 entities and 0 collections)
}
2025-05-16T20:30:50.714+09:00 TRACE 22264 --- [    Test worker] o.h.e.jdbc.internal.JdbcCoordinatorImpl  : Closing JDBC container [org.hibernate.engine.jdbc.internal.JdbcCoordinatorImpl@7574d30b]
2025-05-16T20:30:50.714+09:00 TRACE 22264 --- [    Test worker] o.h.r.j.i.ResourceRegistryStandardImpl   : Releasing JDBC resources
2025-05-16T20:30:50.714+09:00  INFO 22264 --- [    Test worker] i.StatisticalLoggingSessionEventListener : Session Metrics {
    0 nanoseconds spent acquiring 0 JDBC connections;
    0 nanoseconds spent releasing 0 JDBC connections;
    0 nanoseconds spent preparing 0 JDBC statements;
    0 nanoseconds spent executing 0 JDBC statements;
    0 nanoseconds spent executing 0 JDBC batches;
    0 nanoseconds spent performing 0 L2C puts;
    0 nanoseconds spent performing 0 L2C hits;
    0 nanoseconds spent performing 0 L2C misses;
    0 nanoseconds spent executing 0 flushes (flushing a total of 0 entities and 0 collections);
    0 nanoseconds spent executing 0 pre-partial-flushes;
    0 nanoseconds spent executing 0 partial-flushes (flushing a total of 0 entities and 0 collections)
}
2025-05-16T20:30:50.715+09:00 TRACE 22264 --- [    Test worker] o.h.e.jdbc.internal.JdbcCoordinatorImpl  : Closing JDBC container [org.hibernate.engine.jdbc.internal.JdbcCoordinatorImpl@6723626f]
2025-05-16T20:30:50.715+09:00 TRACE 22264 --- [    Test worker] o.h.r.j.i.ResourceRegistryStandardImpl   : Releasing JDBC resources
2025-05-16T20:30:50.715+09:00  INFO 22264 --- [    Test worker] i.StatisticalLoggingSessionEventListener : Session Metrics {
    0 nanoseconds spent acquiring 0 JDBC connections;
    0 nanoseconds spent releasing 0 JDBC connections;
    0 nanoseconds spent preparing 0 JDBC statements;
    0 nanoseconds spent executing 0 JDBC statements;
    0 nanoseconds spent executing 0 JDBC batches;
    0 nanoseconds spent performing 0 L2C puts;
    0 nanoseconds spent performing 0 L2C hits;
    0 nanoseconds spent performing 0 L2C misses;
    0 nanoseconds spent executing 0 flushes (flushing a total of 0 entities and 0 collections);
    0 nanoseconds spent executing 0 pre-partial-flushes;
    0 nanoseconds spent executing 0 partial-flushes (flushing a total of 0 entities and 0 collections)
}
2025-05-16T20:30:50.715+09:00 TRACE 22264 --- [    Test worker] o.h.e.jdbc.internal.JdbcCoordinatorImpl  : Closing JDBC container [org.hibernate.engine.jdbc.internal.JdbcCoordinatorImpl@411bed55]
2025-05-16T20:30:50.715+09:00 TRACE 22264 --- [    Test worker] o.h.r.j.i.ResourceRegistryStandardImpl   : Releasing JDBC resources
2025-05-16T20:30:50.717+09:00  INFO 22264 --- [    Test worker] i.StatisticalLoggingSessionEventListener : Session Metrics {
    0 nanoseconds spent acquiring 0 JDBC connections;
    0 nanoseconds spent releasing 0 JDBC connections;
    0 nanoseconds spent preparing 0 JDBC statements;
    0 nanoseconds spent executing 0 JDBC statements;
    0 nanoseconds spent executing 0 JDBC batches;
    0 nanoseconds spent performing 0 L2C puts;
    0 nanoseconds spent performing 0 L2C hits;
    0 nanoseconds spent performing 0 L2C misses;
    0 nanoseconds spent executing 0 flushes (flushing a total of 0 entities and 0 collections);
    0 nanoseconds spent executing 0 pre-partial-flushes;
    0 nanoseconds spent executing 0 partial-flushes (flushing a total of 0 entities and 0 collections)
}
2025-05-16T20:30:50.717+09:00 TRACE 22264 --- [    Test worker] o.h.e.jdbc.internal.JdbcCoordinatorImpl  : Closing JDBC container [org.hibernate.engine.jdbc.internal.JdbcCoordinatorImpl@612e1c6e]
2025-05-16T20:30:50.717+09:00 TRACE 22264 --- [    Test worker] o.h.r.j.i.ResourceRegistryStandardImpl   : Releasing JDBC resources
2025-05-16T20:30:50.718+09:00  INFO 22264 --- [    Test worker] i.StatisticalLoggingSessionEventListener : Session Metrics {
    0 nanoseconds spent acquiring 0 JDBC connections;
    0 nanoseconds spent releasing 0 JDBC connections;
    0 nanoseconds spent preparing 0 JDBC statements;
    0 nanoseconds spent executing 0 JDBC statements;
    0 nanoseconds spent executing 0 JDBC batches;
    0 nanoseconds spent performing 0 L2C puts;
    0 nanoseconds spent performing 0 L2C hits;
    0 nanoseconds spent performing 0 L2C misses;
    0 nanoseconds spent executing 0 flushes (flushing a total of 0 entities and 0 collections);
    0 nanoseconds spent executing 0 pre-partial-flushes;
    0 nanoseconds spent executing 0 partial-flushes (flushing a total of 0 entities and 0 collections)
}
2025-05-16T20:30:50.718+09:00 TRACE 22264 --- [    Test worker] o.h.e.jdbc.internal.JdbcCoordinatorImpl  : Closing JDBC container [org.hibernate.engine.jdbc.internal.JdbcCoordinatorImpl@1cf45f46]
2025-05-16T20:30:50.718+09:00 TRACE 22264 --- [    Test worker] o.h.r.j.i.ResourceRegistryStandardImpl   : Releasing JDBC resources
2025-05-16T20:30:50.718+09:00  INFO 22264 --- [    Test worker] i.StatisticalLoggingSessionEventListener : Session Metrics {
    0 nanoseconds spent acquiring 0 JDBC connections;
    0 nanoseconds spent releasing 0 JDBC connections;
    0 nanoseconds spent preparing 0 JDBC statements;
    0 nanoseconds spent executing 0 JDBC statements;
    0 nanoseconds spent executing 0 JDBC batches;
    0 nanoseconds spent performing 0 L2C puts;
    0 nanoseconds spent performing 0 L2C hits;
    0 nanoseconds spent performing 0 L2C misses;
    0 nanoseconds spent executing 0 flushes (flushing a total of 0 entities and 0 collections);
    0 nanoseconds spent executing 0 pre-partial-flushes;
    0 nanoseconds spent executing 0 partial-flushes (flushing a total of 0 entities and 0 collections)
}
2025-05-16T20:30:50.718+09:00 TRACE 22264 --- [    Test worker] o.h.e.jdbc.internal.JdbcCoordinatorImpl  : Closing JDBC container [org.hibernate.engine.jdbc.internal.JdbcCoordinatorImpl@15045e40]
2025-05-16T20:30:50.718+09:00 TRACE 22264 --- [    Test worker] o.h.r.j.i.ResourceRegistryStandardImpl   : Releasing JDBC resources
2025-05-16T20:30:50.719+09:00  INFO 22264 --- [    Test worker] i.StatisticalLoggingSessionEventListener : Session Metrics {
    0 nanoseconds spent acquiring 0 JDBC connections;
    0 nanoseconds spent releasing 0 JDBC connections;
    0 nanoseconds spent preparing 0 JDBC statements;
    0 nanoseconds spent executing 0 JDBC statements;
    0 nanoseconds spent executing 0 JDBC batches;
    0 nanoseconds spent performing 0 L2C puts;
    0 nanoseconds spent performing 0 L2C hits;
    0 nanoseconds spent performing 0 L2C misses;
    0 nanoseconds spent executing 0 flushes (flushing a total of 0 entities and 0 collections);
    0 nanoseconds spent executing 0 pre-partial-flushes;
    0 nanoseconds spent executing 0 partial-flushes (flushing a total of 0 entities and 0 collections)
}
2025-05-16T20:30:50.719+09:00 TRACE 22264 --- [    Test worker] o.h.e.jdbc.internal.JdbcCoordinatorImpl  : Closing JDBC container [org.hibernate.engine.jdbc.internal.JdbcCoordinatorImpl@7625bfbd]
2025-05-16T20:30:50.719+09:00 TRACE 22264 --- [    Test worker] o.h.r.j.i.ResourceRegistryStandardImpl   : Releasing JDBC resources
2025-05-16T20:30:50.723+09:00  INFO 22264 --- [    Test worker] i.StatisticalLoggingSessionEventListener : Session Metrics {
    0 nanoseconds spent acquiring 0 JDBC connections;
    0 nanoseconds spent releasing 0 JDBC connections;
    0 nanoseconds spent preparing 0 JDBC statements;
    0 nanoseconds spent executing 0 JDBC statements;
    0 nanoseconds spent executing 0 JDBC batches;
    0 nanoseconds spent performing 0 L2C puts;
    0 nanoseconds spent performing 0 L2C hits;
    0 nanoseconds spent performing 0 L2C misses;
    0 nanoseconds spent executing 0 flushes (flushing a total of 0 entities and 0 collections);
    0 nanoseconds spent executing 0 pre-partial-flushes;
    0 nanoseconds spent executing 0 partial-flushes (flushing a total of 0 entities and 0 collections)
}
2025-05-16T20:30:50.723+09:00 TRACE 22264 --- [    Test worker] o.h.e.jdbc.internal.JdbcCoordinatorImpl  : Closing JDBC container [org.hibernate.engine.jdbc.internal.JdbcCoordinatorImpl@53bc8c7e]
2025-05-16T20:30:50.723+09:00 TRACE 22264 --- [    Test worker] o.h.r.j.i.ResourceRegistryStandardImpl   : Releasing JDBC resources
2025-05-16T20:30:50.723+09:00  INFO 22264 --- [    Test worker] i.StatisticalLoggingSessionEventListener : Session Metrics {
    0 nanoseconds spent acquiring 0 JDBC connections;
    0 nanoseconds spent releasing 0 JDBC connections;
    0 nanoseconds spent preparing 0 JDBC statements;
    0 nanoseconds spent executing 0 JDBC statements;
    0 nanoseconds spent executing 0 JDBC batches;
    0 nanoseconds spent performing 0 L2C puts;
    0 nanoseconds spent performing 0 L2C hits;
    0 nanoseconds spent performing 0 L2C misses;
    0 nanoseconds spent executing 0 flushes (flushing a total of 0 entities and 0 collections);
    0 nanoseconds spent executing 0 pre-partial-flushes;
    0 nanoseconds spent executing 0 partial-flushes (flushing a total of 0 entities and 0 collections)
}
2025-05-16T20:30:50.724+09:00 TRACE 22264 --- [    Test worker] o.h.e.jdbc.internal.JdbcCoordinatorImpl  : Closing JDBC container [org.hibernate.engine.jdbc.internal.JdbcCoordinatorImpl@8ff4795]
2025-05-16T20:30:50.724+09:00 TRACE 22264 --- [    Test worker] o.h.r.j.i.ResourceRegistryStandardImpl   : Releasing JDBC resources
2025-05-16T20:30:50.725+09:00  INFO 22264 --- [    Test worker] i.StatisticalLoggingSessionEventListener : Session Metrics {
    0 nanoseconds spent acquiring 0 JDBC connections;
    0 nanoseconds spent releasing 0 JDBC connections;
    0 nanoseconds spent preparing 0 JDBC statements;
    0 nanoseconds spent executing 0 JDBC statements;
    0 nanoseconds spent executing 0 JDBC batches;
    0 nanoseconds spent performing 0 L2C puts;
    0 nanoseconds spent performing 0 L2C hits;
    0 nanoseconds spent performing 0 L2C misses;
    0 nanoseconds spent executing 0 flushes (flushing a total of 0 entities and 0 collections);
    0 nanoseconds spent executing 0 pre-partial-flushes;
    0 nanoseconds spent executing 0 partial-flushes (flushing a total of 0 entities and 0 collections)
}
2025-05-16T20:30:50.725+09:00 TRACE 22264 --- [    Test worker] o.h.e.jdbc.internal.JdbcCoordinatorImpl  : Closing JDBC container [org.hibernate.engine.jdbc.internal.JdbcCoordinatorImpl@78e3bebd]
2025-05-16T20:30:50.725+09:00 TRACE 22264 --- [    Test worker] o.h.r.j.i.ResourceRegistryStandardImpl   : Releasing JDBC resources
2025-05-16T20:30:50.725+09:00  INFO 22264 --- [    Test worker] i.StatisticalLoggingSessionEventListener : Session Metrics {
    0 nanoseconds spent acquiring 0 JDBC connections;
    0 nanoseconds spent releasing 0 JDBC connections;
    0 nanoseconds spent preparing 0 JDBC statements;
    0 nanoseconds spent executing 0 JDBC statements;
    0 nanoseconds spent executing 0 JDBC batches;
    0 nanoseconds spent performing 0 L2C puts;
    0 nanoseconds spent performing 0 L2C hits;
[...]
        p1_0.created_at,
        p1_0.status,
        p1_0.title,
        p1_0.updated_at,
        p1_0.user_id 
    from
        posts p1_0 
    where
        p1_0.user_id=?
Hibernate: 
    /* <criteria> */ select
        p1_0.post_id,
        p1_0.content,
        p1_0.created_at,
        p1_0.status,
        p1_0.title,
        p1_0.updated_at,
        p1_0.user_id 
    from
        posts p1_0 
    where
        p1_0.user_id=?
2025-05-16T20:30:51.598+09:00 TRACE 22264 --- [    Test worker] o.h.r.j.i.ResourceRegistryStandardImpl   : Registering statement [HikariProxyPreparedStatement@1723057270 wrapping com.mysql.cj.jdbc.ClientPreparedStatement: /* <criteria> */ select p1_0.post_id,p1_0.content,p1_0.created_at,p1_0.status,p1_0.title,p1_0.updated_at,p1_0.user_id from posts p1_0 where p1_0.user_id=** NOT SPECIFIED **]
2025-05-16T20:30:51.598+09:00 TRACE 22264 --- [    Test worker] o.h.e.jdbc.internal.JdbcCoordinatorImpl  : Registering last query statement [HikariProxyPreparedStatement@1723057270 wrapping com.mysql.cj.jdbc.ClientPreparedStatement: /* <criteria> */ select p1_0.post_id,p1_0.content,p1_0.created_at,p1_0.status,p1_0.title,p1_0.updated_at,p1_0.user_id from posts p1_0 where p1_0.user_id=** NOT SPECIFIED **]
2025-05-16T20:30:51.598+09:00 TRACE 22264 --- [    Test worker] org.hibernate.orm.jdbc.bind              : binding parameter (1:BIGINT) <- [2]
2025-05-16T20:30:51.599+09:00 TRACE 22264 --- [    Test worker] o.h.r.j.i.ResourceRegistryStandardImpl   : Registering result set [HikariProxyResultSet@1187179917 wrapping com.mysql.cj.jdbc.result.ResultSetImpl@4ee8ba7f]
2025-05-16T20:30:51.600+09:00 TRACE 22264 --- [    Test worker] o.h.r.j.i.ResourceRegistryStandardImpl   : Releasing result set [HikariProxyResultSet@1187179917 wrapping com.mysql.cj.jdbc.result.ResultSetImpl@4ee8ba7f]
2025-05-16T20:30:51.600+09:00 TRACE 22264 --- [    Test worker] o.h.r.j.i.ResourceRegistryStandardImpl   : Closing result set [HikariProxyResultSet@1187179917 wrapping com.mysql.cj.jdbc.result.ResultSetImpl@4ee8ba7f]
2025-05-16T20:30:51.600+09:00 TRACE 22264 --- [    Test worker] o.h.r.j.i.ResourceRegistryStandardImpl   : Releasing statement [HikariProxyPreparedStatement@1723057270 wrapping com.mysql.cj.jdbc.ClientPreparedStatement: /* <criteria> */ select p1_0.post_id,p1_0.content,p1_0.created_at,p1_0.status,p1_0.title,p1_0.updated_at,p1_0.user_id from posts p1_0 where p1_0.user_id=2]
2025-05-16T20:30:51.600+09:00 TRACE 22264 --- [    Test worker] o.h.r.j.i.ResourceRegistryStandardImpl   : Closing prepared statement [HikariProxyPreparedStatement@1723057270 wrapping com.mysql.cj.jdbc.ClientPreparedStatement: /* <criteria> */ select p1_0.post_id,p1_0.content,p1_0.created_at,p1_0.status,p1_0.title,p1_0.updated_at,p1_0.user_id from posts p1_0 where p1_0.user_id=2]
2025-05-16T20:30:51.600+09:00 DEBUG 22264 --- [    Test worker] o.h.stat.internal.StatisticsImpl         : HHH000117: HQL: [CRITERIA] select p1_0.post_id,p1_0.content,p1_0.created_at,p1_0.status,p1_0.title,p1_0.updated_at,p1_0.user_id from posts p1_0 where p1_0.user_id=?, time: 0ms, rows: 3
2025-05-16T20:30:51.603+09:00 TRACE 22264 --- [    Test worker] o.h.r.j.i.ResourceRegistryStandardImpl   : Registering statement [HikariProxyPreparedStatement@592060905 wrapping com.mysql.cj.jdbc.ClientPreparedStatement: /* update for org.example.springboot.domain.Post */update posts set content=** NOT SPECIFIED **,created_at=** NOT SPECIFIED **,status=** NOT SPECIFIED **,title=** NOT SPECIFIED **,updated_at=** NOT SPECIFIED **,user_id=** NOT SPECIFIED ** where post_id=** NOT SPECIFIED **]
2025-05-16T20:30:51.603+09:00 TRACE 22264 --- [    Test worker] o.h.r.j.i.ResourceRegistryStandardImpl   : Registering result set [null]
2025-05-16T20:30:51.603+09:00 DEBUG 22264 --- [    Test worker] org.hibernate.SQL                        : 
    /* update
        for org.example.springboot.domain.Post */update posts 
    set
        content=?,
        created_at=?,
        status=?,
        title=?,
        updated_at=?,
        user_id=? 
    where
        post_id=?
Hibernate: 
    /* update
        for org.example.springboot.domain.Post */update posts 
    set
        content=?,
        created_at=?,
        status=?,
        title=?,
        updated_at=?,
        user_id=? 
    where
        post_id=?
2025-05-16T20:30:51.603+09:00 TRACE 22264 --- [    Test worker] org.hibernate.orm.jdbc.bind              : binding parameter (1:VARCHAR) <- [게시글 내용 1-0]
2025-05-16T20:30:51.603+09:00 TRACE 22264 --- [    Test worker] org.hibernate.orm.jdbc.bind              : binding parameter (2:TIMESTAMP) <- [2025-05-16T20:30:51.482993]
2025-05-16T20:30:51.603+09:00 TRACE 22264 --- [    Test worker] org.hibernate.orm.jdbc.bind              : binding parameter (3:VARCHAR) <- [예약중]
2025-05-16T20:30:51.603+09:00 TRACE 22264 --- [    Test worker] org.hibernate.orm.jdbc.bind              : binding parameter (4:VARCHAR) <- [게시글 1-0]
2025-05-16T20:30:51.603+09:00 TRACE 22264 --- [    Test worker] org.hibernate.orm.jdbc.bind              : binding parameter (5:TIMESTAMP) <- [2025-05-16T20:30:51.602884]
2025-05-16T20:30:51.603+09:00 TRACE 22264 --- [    Test worker] org.hibernate.orm.jdbc.bind              : binding parameter (6:BIGINT) <- [2]
2025-05-16T20:30:51.603+09:00 TRACE 22264 --- [    Test worker] org.hibernate.orm.jdbc.bind              : binding parameter (7:BIGINT) <- [4]
2025-05-16T20:30:51.604+09:00 TRACE 22264 --- [    Test worker] o.h.r.j.i.ResourceRegistryStandardImpl   : Releasing statement [HikariProxyPreparedStatement@592060905 wrapping com.mysql.cj.jdbc.ClientPreparedStatement: /* update for org.example.springboot.domain.Post */update posts set content='게시글 내용 1-0',created_at='2025-05-16 20:30:51.482993',status='예약중',title='게시글 1-0',updated_at='2025-05-16 20:30:51.602884',user_id=2 where post_id=4]
2025-05-16T20:30:51.604+09:00 TRACE 22264 --- [    Test worker] o.h.r.j.i.ResourceRegistryStandardImpl   : Closing result set [null]
2025-05-16T20:30:51.604+09:00 TRACE 22264 --- [    Test worker] o.h.r.j.i.ResourceRegistryStandardImpl   : Closing prepared statement [HikariProxyPreparedStatement@592060905 wrapping com.mysql.cj.jdbc.ClientPreparedStatement: /* update for org.example.springboot.domain.Post */update posts set content='게시글 내용 1-0',created_at='2025-05-16 20:30:51.482993',status='예약중',title='게시글 1-0',updated_at='2025-05-16 20:30:51.602884',user_id=2 where post_id=4]
2025-05-16T20:30:51.604+09:00 TRACE 22264 --- [    Test worker] o.h.e.jdbc.internal.JdbcCoordinatorImpl  : Starting after statement execution processing [ON_CLOSE]
2025-05-16T20:30:51.604+09:00 TRACE 22264 --- [    Test worker] o.h.e.jdbc.internal.JdbcCoordinatorImpl  : Starting after statement execution processing [ON_CLOSE]
2025-05-16T20:30:51.604+09:00 TRACE 22264 --- [    Test worker] o.h.e.jdbc.internal.JdbcCoordinatorImpl  : Starting after statement execution processing [ON_CLOSE]
2025-05-16T20:30:51.604+09:00 DEBUG 22264 --- [    Test worker] org.hibernate.SQL                        : 
    /* <criteria> */ select
        p1_0.post_id,
        p1_0.content,
        p1_0.created_at,
        p1_0.status,
        p1_0.title,
        p1_0.updated_at,
        p1_0.user_id 
    from
        posts p1_0 
    where
        p1_0.status=?
Hibernate: 
    /* <criteria> */ select
        p1_0.post_id,
        p1_0.content,
        p1_0.created_at,
        p1_0.status,
        p1_0.title,
        p1_0.updated_at,
        p1_0.user_id 
    from
        posts p1_0 
    where
        p1_0.status=?
2025-05-16T20:30:51.605+09:00 TRACE 22264 --- [    Test worker] o.h.r.j.i.ResourceRegistryStandardImpl   : Registering statement [HikariProxyPreparedStatement@209629865 wrapping com.mysql.cj.jdbc.ClientPreparedStatement: /* <criteria> */ select p1_0.post_id,p1_0.content,p1_0.created_at,p1_0.status,p1_0.title,p1_0.updated_at,p1_0.user_id from posts p1_0 where p1_0.status=** NOT SPECIFIED **]
2025-05-16T20:30:51.605+09:00 TRACE 22264 --- [    Test worker] o.h.e.jdbc.internal.JdbcCoordinatorImpl  : Registering last query statement [HikariProxyPreparedStatement@209629865 wrapping com.mysql.cj.jdbc.ClientPreparedStatement: /* <criteria> */ select p1_0.post_id,p1_0.content,p1_0.created_at,p1_0.status,p1_0.title,p1_0.updated_at,p1_0.user_id from posts p1_0 where p1_0.status=** NOT SPECIFIED **]
2025-05-16T20:30:51.605+09:00 TRACE 22264 --- [    Test worker] org.hibernate.orm.jdbc.bind              : binding parameter (1:VARCHAR) <- [판매중]
2025-05-16T20:30:51.605+09:00 TRACE 22264 --- [    Test worker] o.h.r.j.i.ResourceRegistryStandardImpl   : Registering result set [HikariProxyResultSet@2017097432 wrapping com.mysql.cj.jdbc.result.ResultSetImpl@a0d555f]
2025-05-16T20:30:51.606+09:00 TRACE 22264 --- [    Test worker] o.h.r.j.i.ResourceRegistryStandardImpl   : Releasing result set [HikariProxyResultSet@2017097432 wrapping com.mysql.cj.jdbc.result.ResultSetImpl@a0d555f]
2025-05-16T20:30:51.606+09:00 TRACE 22264 --- [    Test worker] o.h.r.j.i.ResourceRegistryStandardImpl   : Closing result set [HikariProxyResultSet@2017097432 wrapping com.mysql.cj.jdbc.result.ResultSetImpl@a0d555f]
2025-05-16T20:30:51.606+09:00 TRACE 22264 --- [    Test worker] o.h.r.j.i.ResourceRegistryStandardImpl   : Releasing statement [HikariProxyPreparedStatement@209629865 wrapping com.mysql.cj.jdbc.ClientPreparedStatement: /* <criteria> */ select p1_0.post_id,p1_0.content,p1_0.created_at,p1_0.status,p1_0.title,p1_0.updated_at,p1_0.user_id from posts p1_0 where p1_0.status='판매중']
2025-05-16T20:30:51.606+09:00 TRACE 22264 --- [    Test worker] o.h.r.j.i.ResourceRegistryStandardImpl   : Closing prepared statement [HikariProxyPreparedStatement@209629865 wrapping com.mysql.cj.jdbc.ClientPreparedStatement: /* <criteria> */ select p1_0.post_id,p1_0.content,p1_0.created_at,p1_0.status,p1_0.title,p1_0.updated_at,p1_0.user_id from posts p1_0 where p1_0.status='판매중']
2025-05-16T20:30:51.606+09:00 DEBUG 22264 --- [    Test worker] o.h.stat.internal.StatisticsImpl         : HHH000117: HQL: [CRITERIA] select p1_0.post_id,p1_0.content,p1_0.created_at,p1_0.status,p1_0.title,p1_0.updated_at,p1_0.user_id from posts p1_0 where p1_0.status=?, time: 0ms, rows: 13
2025-05-16T20:30:51.607+09:00 DEBUG 22264 --- [    Test worker] org.hibernate.SQL                        : 
    /* <criteria> */ select
        p1_0.post_id,
        p1_0.content,
        p1_0.created_at,
        p1_0.status,
        p1_0.title,
        p1_0.updated_at,
        p1_0.user_id 
    from
        posts p1_0 
    where
        p1_0.status=?
Hibernate: 
    /* <criteria> */ select
        p1_0.post_id,
        p1_0.content,
        p1_0.created_at,
        p1_0.status,
        p1_0.title,
        p1_0.updated_at,
        p1_0.user_id 
    from
        posts p1_0 
    where
        p1_0.status=?
2025-05-16T20:30:51.607+09:00 TRACE 22264 --- [    Test worker] o.h.r.j.i.ResourceRegistryStandardImpl   : Registering statement [HikariProxyPreparedStatement@1828539725 wrapping com.mysql.cj.jdbc.ClientPreparedStatement: /* <criteria> */ select p1_0.post_id,p1_0.content,p1_0.created_at,p1_0.status,p1_0.title,p1_0.updated_at,p1_0.user_id from posts p1_0 where p1_0.status=** NOT SPECIFIED **]
2025-05-16T20:30:51.607+09:00 TRACE 22264 --- [    Test worker] o.h.e.jdbc.internal.JdbcCoordinatorImpl  : Registering last query statement [HikariProxyPreparedStatement@1828539725 wrapping com.mysql.cj.jdbc.ClientPreparedStatement: /* <criteria> */ select p1_0.post_id,p1_0.content,p1_0.created_at,p1_0.status,p1_0.title,p1_0.updated_at,p1_0.user_id from posts p1_0 where p1_0.status=** NOT SPECIFIED **]
2025-05-16T20:30:51.607+09:00 TRACE 22264 --- [    Test worker] org.hibernate.orm.jdbc.bind              : binding parameter (1:VARCHAR) <- [예약중]
2025-05-16T20:30:51.608+09:00 TRACE 22264 --- [    Test worker] o.h.r.j.i.ResourceRegistryStandardImpl   : Registering result set [HikariProxyResultSet@1322072415 wrapping com.mysql.cj.jdbc.result.ResultSetImpl@7e775ef3]
2025-05-16T20:30:51.608+09:00 TRACE 22264 --- [    Test worker] o.h.r.j.i.ResourceRegistryStandardImpl   : Releasing result set [HikariProxyResultSet@1322072415 wrapping com.mysql.cj.jdbc.result.ResultSetImpl@7e775ef3]
2025-05-16T20:30:51.608+09:00 TRACE 22264 --- [    Test worker] o.h.r.j.i.ResourceRegistryStandardImpl   : Closing result set [HikariProxyResultSet@1322072415 wrapping com.mysql.cj.jdbc.result.ResultSetImpl@7e775ef3]
2025-05-16T20:30:51.608+09:00 TRACE 22264 --- [    Test worker] o.h.r.j.i.ResourceRegistryStandardImpl   : Releasing statement [HikariProxyPreparedStatement@1828539725 wrapping com.mysql.cj.jdbc.ClientPreparedStatement: /* <criteria> */ select p1_0.post_id,p1_0.content,p1_0.created_at,p1_0.status,p1_0.title,p1_0.updated_at,p1_0.user_id from posts p1_0 where p1_0.status='예약중']
2025-05-16T20:30:51.608+09:00 TRACE 22264 --- [    Test worker] o.h.r.j.i.ResourceRegistryStandardImpl   : Closing prepared statement [HikariProxyPreparedStatement@1828539725 wrapping com.mysql.cj.jdbc.ClientPreparedStatement: /* <criteria> */ select p1_0.post_id,p1_0.content,p1_0.created_at,p1_0.status,p1_0.title,p1_0.updated_at,p1_0.user_id from posts p1_0 where p1_0.status='예약중']
2025-05-16T20:30:51.608+09:00 DEBUG 22264 --- [    Test worker] o.h.stat.internal.StatisticsImpl         : HHH000117: HQL: [CRITERIA] select p1_0.post_id,p1_0.content,p1_0.created_at,p1_0.status,p1_0.title,p1_0.updated_at,p1_0.user_id from posts p1_0 where p1_0.status=?, time: 0ms, rows: 1
2025-05-16T20:30:51.609+09:00 DEBUG 22264 --- [    Test worker] org.hibernate.SQL                        : 
    /* <criteria> */ select
        p1_0.post_id,
        p1_0.content,
        p1_0.created_at,
        p1_0.status,
        p1_0.title,
        p1_0.updated_at,
        p1_0.user_id 
    from
        posts p1_0 
    where
        p1_0.status=?
Hibernate: 
    /* <criteria> */ select
        p1_0.post_id,
        p1_0.content,
        p1_0.created_at,
        p1_0.status,
        p1_0.title,
        p1_0.updated_at,
        p1_0.user_id 
    from
        posts p1_0 
    where
        p1_0.status=?
2025-05-16T20:30:51.610+09:00 TRACE 22264 --- [    Test worker] o.h.r.j.i.ResourceRegistryStandardImpl   : Registering statement [HikariProxyPreparedStatement@1969657315 wrapping com.mysql.cj.jdbc.ClientPreparedStatement: /* <criteria> */ select p1_0.post_id,p1_0.content,p1_0.created_at,p1_0.status,p1_0.title,p1_0.updated_at,p1_0.user_id from posts p1_0 where p1_0.status=** NOT SPECIFIED **]
2025-05-16T20:30:51.610+09:00 TRACE 22264 --- [    Test worker] o.h.e.jdbc.internal.JdbcCoordinatorImpl  : Registering last query statement [HikariProxyPreparedStatement@1969657315 wrapping com.mysql.cj.jdbc.ClientPreparedStatement: /* <criteria> */ select p1_0.post_id,p1_0.content,p1_0.created_at,p1_0.status,p1_0.title,p1_0.updated_at,p1_0.user_id from posts p1_0 where p1_0.status=** NOT SPECIFIED **]
2025-05-16T20:30:51.610+09:00 TRACE 22264 --- [    Test worker] org.hibernate.orm.jdbc.bind              : binding parameter (1:VARCHAR) <- [판매완료]
2025-05-16T20:30:51.610+09:00 TRACE 22264 --- [    Test worker] o.h.r.j.i.ResourceRegistryStandardImpl   : Registering result set [HikariProxyResultSet@2015920792 wrapping com.mysql.cj.jdbc.result.ResultSetImpl@544364ba]
2025-05-16T20:30:51.610+09:00 TRACE 22264 --- [    Test worker] o.h.r.j.i.ResourceRegistryStandardImpl   : Releasing result set [HikariProxyResultSet@2015920792 wrapping com.mysql.cj.jdbc.result.ResultSetImpl@544364ba]
2025-05-16T20:30:51.610+09:00 TRACE 22264 --- [    Test worker] o.h.r.j.i.ResourceRegistryStandardImpl   : Closing result set [HikariProxyResultSet@2015920792 wrapping com.mysql.cj.jdbc.result.ResultSetImpl@544364ba]
2025-05-16T20:30:51.610+09:00 TRACE 22264 --- [    Test worker] o.h.r.j.i.ResourceRegistryStandardImpl   : Releasing statement [HikariProxyPreparedStatement@1969657315 wrapping com.mysql.cj.jdbc.ClientPreparedStatement: /* <criteria> */ select p1_0.post_id,p1_0.content,p1_0.created_at,p1_0.status,p1_0.title,p1_0.updated_at,p1_0.user_id from posts p1_0 where p1_0.status='판매완료']
2025-05-16T20:30:51.610+09:00 TRACE 22264 --- [    Test worker] o.h.r.j.i.ResourceRegistryStandardImpl   : Closing prepared statement [HikariProxyPreparedStatement@1969657315 wrapping com.mysql.cj.jdbc.ClientPreparedStatement: /* <criteria> */ select p1_0.post_id,p1_0.content,p1_0.created_at,p1_0.status,p1_0.title,p1_0.updated_at,p1_0.user_id from posts p1_0 where p1_0.status='판매완료']
2025-05-16T20:30:51.611+09:00 DEBUG 22264 --- [    Test worker] o.h.stat.internal.StatisticsImpl         : HHH000117: HQL: [CRITERIA] select p1_0.post_id,p1_0.content,p1_0.created_at,p1_0.status,p1_0.title,p1_0.updated_at,p1_0.user_id from posts p1_0 where p1_0.status=?, time: 0ms, rows: 1
판매중 게시글 수: 13
예약중 게시글 수: 1
판매완료 게시글 수: 1
2025-05-16T20:30:51.634+09:00 DEBUG 22264 --- [    Test worker] o.h.e.t.internal.TransactionImpl         : rolling back
2025-05-16T20:30:51.635+09:00 TRACE 22264 --- [    Test worker] o.h.r.j.i.ResourceRegistryStandardImpl   : Releasing JDBC resources
2025-05-16T20:30:51.635+09:00 TRACE 22264 --- [    Test worker] o.h.e.jdbc.internal.JdbcCoordinatorImpl  : Starting after statement execution processing [ON_CLOSE]
2025-05-16T20:30:51.636+09:00  INFO 22264 --- [    Test worker] i.StatisticalLoggingSessionEventListener : Session Metrics {
    341666 nanoseconds spent acquiring 1 JDBC connections;
    0 nanoseconds spent releasing 0 JDBC connections;
    7375000 nanoseconds spent preparing 35 JDBC statements;
    23496376 nanoseconds spent executing 33 JDBC statements;
    2159250 nanoseconds spent executing 2 JDBC batches;
    0 nanoseconds spent performing 0 L2C puts;
    0 nanoseconds spent performing 0 L2C hits;
    0 nanoseconds spent performing 0 L2C misses;
    1913583 nanoseconds spent executing 2 flushes (flushing a total of 40 entities and 130 collections);
    1954711 nanoseconds spent executing 8 pre-partial-flushes;
    15216916 nanoseconds spent executing 8 partial-flushes (flushing a total of 120 entities and 120 collections)
}
2025-05-16T20:30:51.636+09:00 TRACE 22264 --- [    Test worker] o.h.e.jdbc.internal.JdbcCoordinatorImpl  : Closing JDBC container [org.hibernate.engine.jdbc.internal.JdbcCoordinatorImpl@4cec414d]
2025-05-16T20:30:51.636+09:00 DEBUG 22264 --- [    Test worker] o.h.e.jdbc.internal.JdbcCoordinatorImpl  : HHH000420: Closing un-released batch
2025-05-16T20:30:51.636+09:00 TRACE 22264 --- [    Test worker] o.h.e.jdbc.internal.JdbcCoordinatorImpl  : Starting after statement execution processing [ON_CLOSE]
2025-05-16T20:30:51.636+09:00 TRACE 22264 --- [    Test worker] o.h.r.j.i.ResourceRegistryStandardImpl   : Releasing JDBC resources
2025-05-16T20:30:51.636+09:00 TRACE 22264 --- [    Test worker] o.h.e.jdbc.internal.JdbcCoordinatorImpl  : Starting after statement execution processing [ON_CLOSE]
2025-05-16T20:30:51.636+09:00 TRACE 22264 --- [    Test worker] o.h.r.j.i.ResourceRegistryStandardImpl   : Releasing JDBC resources
2025-05-16T20:30:51.636+09:00 TRACE 22264 --- [    Test worker] o.h.e.jdbc.internal.JdbcCoordinatorImpl  : Starting after statement execution processing [ON_CLOSE]
]]></system-out>
  <system-err><![CDATA[Mockito is currently self-attaching to enable the inline-mock-maker. This will no longer work in future releases of the JDK. Please add Mockito as an agent to your build what is described in Mockito's documentation: https://javadoc.io/doc/org.mockito/mockito-core/latest/org/mockito/Mockito.html#0.3
WARNING: A Java agent has been loaded dynamically (/Users/chane/.gradle/caches/modules-2/files-2.1/net.bytebuddy/byte-buddy-agent/1.15.11/a38b16385e867f59a641330f0362ebe742788ed8/byte-buddy-agent-1.15.11.jar)
WARNING: If a serviceability tool is in use, please run with -XX:+EnableDynamicAgentLoading to hide this warning
WARNING: If a serviceability tool is not in use, please run with -Djdk.instrument.traceUsage for more information
WARNING: Dynamic loading of agents will be disallowed by default in a future release
]]></system-err>
</testsuite>
